2025-12-20 19:06:47 - root - INFO - ==================================================
2025-12-20 19:06:47 - root - INFO - ==================================================
2025-12-20 19:06:47 - root - INFO - ==================================================
2025-12-20 19:06:47 - root - INFO - ==================================================
2025-12-20 19:06:47 - root - INFO - Logging system initialized
2025-12-20 19:06:47 - root - INFO - Logging system initialized
2025-12-20 19:06:47 - root - INFO - Logging system initialized
2025-12-20 19:06:47 - root - INFO - Logging system initialized
2025-12-20 19:06:47 - root - INFO - Log file: C:\Users\djabi\gestion-financière\gestio_app.log
2025-12-20 19:06:47 - root - INFO - Log file: C:\Users\djabi\gestion-financière\gestio_app.log
2025-12-20 19:06:47 - root - INFO - Log file: C:\Users\djabi\gestion-financière\gestio_app.log
2025-12-20 19:06:47 - root - INFO - Log file: C:\Users\djabi\gestion-financière\gestio_app.log
2025-12-20 19:06:47 - root - INFO - Log level: INFO
2025-12-20 19:06:47 - root - INFO - Log level: INFO
2025-12-20 19:06:47 - root - INFO - Log level: INFO
2025-12-20 19:06:47 - root - INFO - Log level: INFO
2025-12-20 19:06:47 - root - INFO - ==================================================
2025-12-20 19:06:47 - root - INFO - ==================================================
2025-12-20 19:06:47 - root - INFO - ==================================================
2025-12-20 19:06:47 - root - INFO - ==================================================
2025-12-20 19:06:47 - shared.database.connection - ERROR - Database connection failed: database is locked
2025-12-20 19:06:47 - shared.database.connection - ERROR - Database connection failed: database is locked
2025-12-20 19:06:47 - shared.database.schema - ERROR - Database initialization failed: database is locked
2025-12-20 19:06:47 - shared.database.schema - ERROR - Database initialization failed: database is locked
2025-12-20 19:06:47 - __main__ - ERROR - Database initialization failed: database is locked
2025-12-20 19:06:47 - __main__ - ERROR - Database initialization failed: database is locked
2025-12-20 19:06:47 - shared.database.schema - INFO - Database initialized successfully
2025-12-20 19:06:47 - shared.database.schema - INFO - Database initialized successfully
2025-12-20 19:06:47 - shared.database.schema - INFO - Schema is already up to date
2025-12-20 19:06:47 - shared.database.schema - INFO - Schema is already up to date
2025-12-20 19:06:47 - __main__ - INFO - Database initialized successfully
2025-12-20 19:06:47 - __main__ - INFO - Database initialized successfully
2025-12-20 19:06:47 - shared.ui.styles - INFO - Loaded CSS file: main.css
2025-12-20 19:06:47 - shared.ui.styles - INFO - Loaded CSS file: main.css
2025-12-20 19:06:47 - shared.ui.styles - INFO - Loaded CSS file: responsive.css
2025-12-20 19:06:47 - shared.ui.styles - INFO - Loaded CSS file: responsive.css
2025-12-20 19:06:47 - shared.ui.styles - INFO - Loaded CSS file: dark_mode.css
2025-12-20 19:06:47 - shared.ui.styles - INFO - Loaded CSS file: dark_mode.css
2025-12-20 19:06:47 - shared.ui.styles - INFO - Loaded CSS file: main.css
2025-12-20 19:06:47 - shared.ui.styles - INFO - Loaded CSS file: main.css
2025-12-20 19:06:47 - shared.ui.styles - INFO - Loaded CSS file: responsive.css
2025-12-20 19:06:47 - shared.ui.styles - INFO - Loaded CSS file: responsive.css
2025-12-20 19:06:47 - shared.ui.styles - INFO - Loaded CSS file: dark_mode.css
2025-12-20 19:06:47 - shared.ui.styles - INFO - Loaded CSS file: dark_mode.css
2025-12-20 19:06:59 - root - INFO - ==================================================
2025-12-20 19:06:59 - root - INFO - Logging system initialized
2025-12-20 19:06:59 - root - INFO - Log file: C:\Users\djabi\gestion-financière\gestio_app.log
2025-12-20 19:06:59 - root - INFO - Log level: INFO
2025-12-20 19:06:59 - root - INFO - ==================================================
2025-12-20 19:06:59 - shared.database.schema - INFO - Database initialized successfully
2025-12-20 19:06:59 - shared.database.schema - INFO - Schema is already up to date
2025-12-20 19:06:59 - __main__ - INFO - Database initialized successfully
2025-12-20 19:06:59 - shared.ui.styles - INFO - Loaded CSS file: main.css
2025-12-20 19:06:59 - shared.ui.styles - INFO - Loaded CSS file: responsive.css
2025-12-20 19:06:59 - shared.ui.styles - INFO - Loaded CSS file: dark_mode.css
2025-12-20 19:06:59 - domains.ocr.scanning_service - INFO - Found 0 ticket files to process
2025-12-20 19:07:00 - root - INFO - ==================================================
2025-12-20 19:07:00 - root - INFO - Logging system initialized
2025-12-20 19:07:00 - root - INFO - Log file: C:\Users\djabi\gestion-financière\gestio_app.log
2025-12-20 19:07:00 - root - INFO - Log level: INFO
2025-12-20 19:07:00 - root - INFO - ==================================================
2025-12-20 19:07:00 - shared.database.schema - INFO - Database initialized successfully
2025-12-20 19:07:00 - shared.database.schema - INFO - Schema is already up to date
2025-12-20 19:07:00 - __main__ - INFO - Database initialized successfully
2025-12-20 19:07:00 - shared.ui.styles - INFO - Loaded CSS file: main.css
2025-12-20 19:07:00 - shared.ui.styles - INFO - Loaded CSS file: responsive.css
2025-12-20 19:07:00 - shared.ui.styles - INFO - Loaded CSS file: dark_mode.css
2025-12-20 19:07:00 - __main__ - CRITICAL - Application V4 failed: no such table: recurrences
Traceback (most recent call last):
  File "c:\Users\djabi\gestion-financiere_little\app\main.py", line 152, in main
    interface_voir_transactions()  # Redirect to main transaction page
    ~~~~~~~~~~~~~~~~~~~~~~~~~~~^^
  File "c:\Users\djabi\gestion-financiere_little\app\domains\transactions\pages\view.py", line 80, in interface_voir_transactions
    backfill_recurrences_to_today(DB_PATH)
    ~~~~~~~~~~~~~~~~~~~~~~~~~~~~~^^^^^^^^^
  File "c:\Users\djabi\gestion-financiere_little\app\shared\services\recurrence.py", line 35, in backfill_recurrences_to_today
    count = backfill_all_recurrences()
  File "c:\Users\djabi\gestion-financiere_little\app\shared\services\recurrence_generation.py", line 108, in backfill_all_recurrences
    recurrences = cursor.execute("""
                  ~~~~~~~~~~~~~~^^^^
        SELECT id, date_debut, date_fin
        ^^^^^^^^^^^^^^^^^^^^^^^^^^^^^^^
        FROM recurrences
        ^^^^^^^^^^^^^^^^
        WHERE statut = 'active'
        ^^^^^^^^^^^^^^^^^^^^^^^
    """).fetchall()
    ^^^^
sqlite3.OperationalError: no such table: recurrences
2025-12-20 19:07:04 - root - INFO - ==================================================
2025-12-20 19:07:04 - root - INFO - Logging system initialized
2025-12-20 19:07:04 - root - INFO - Log file: C:\Users\djabi\gestion-financière\gestio_app.log
2025-12-20 19:07:04 - root - INFO - Log level: INFO
2025-12-20 19:07:04 - root - INFO - ==================================================
2025-12-20 19:07:04 - shared.database.schema - INFO - Database initialized successfully
2025-12-20 19:07:04 - shared.database.schema - INFO - Schema is already up to date
2025-12-20 19:07:04 - __main__ - INFO - Database initialized successfully
2025-12-20 19:07:04 - shared.ui.styles - INFO - Loaded CSS file: main.css
2025-12-20 19:07:04 - shared.ui.styles - INFO - Loaded CSS file: responsive.css
2025-12-20 19:07:04 - shared.ui.styles - INFO - Loaded CSS file: dark_mode.css
2025-12-20 19:07:04 - domains.ocr.scanning_service - INFO - Found 0 ticket files to process
2025-12-20 19:07:05 - root - INFO - ==================================================
2025-12-20 19:07:05 - root - INFO - Logging system initialized
2025-12-20 19:07:05 - root - INFO - Log file: C:\Users\djabi\gestion-financière\gestio_app.log
2025-12-20 19:07:05 - root - INFO - Log level: INFO
2025-12-20 19:07:05 - root - INFO - ==================================================
2025-12-20 19:07:05 - shared.database.schema - INFO - Database initialized successfully
2025-12-20 19:07:05 - shared.database.schema - INFO - Schema is already up to date
2025-12-20 19:07:05 - __main__ - INFO - Database initialized successfully
2025-12-20 19:07:05 - shared.ui.styles - INFO - Loaded CSS file: main.css
2025-12-20 19:07:05 - shared.ui.styles - INFO - Loaded CSS file: responsive.css
2025-12-20 19:07:05 - shared.ui.styles - INFO - Loaded CSS file: dark_mode.css
2025-12-20 19:07:05 - shared.services.recurrence_generation - INFO - Backfill completed: 0 transactions created
2025-12-20 19:07:05 - shared.services.recurrence - INFO - Recurrence backfill completed: 0 transactions created
2025-12-20 19:07:05 - shared.services.recurrence_generation - INFO - Cleanup: 0 récurrentes supprimées, 0 prévues expirées
2025-12-20 19:07:05 - shared.services.recurrence_generation - INFO - Sync recurrences to echeances: 0 created
2025-12-20 19:07:05 - shared.services.recurrence_generation - INFO - Echeances refresh completed
2025-12-20 19:07:06 - root - INFO - ==================================================
2025-12-20 19:07:06 - root - INFO - Logging system initialized
2025-12-20 19:07:06 - root - INFO - Log file: C:\Users\djabi\gestion-financière\gestio_app.log
2025-12-20 19:07:06 - root - INFO - Log level: INFO
2025-12-20 19:07:06 - root - INFO - ==================================================
2025-12-20 19:07:06 - shared.database.schema - INFO - Database initialized successfully
2025-12-20 19:07:06 - shared.database.schema - INFO - Schema is already up to date
2025-12-20 19:07:06 - __main__ - INFO - Database initialized successfully
2025-12-20 19:07:06 - shared.ui.styles - INFO - Loaded CSS file: main.css
2025-12-20 19:07:06 - shared.ui.styles - INFO - Loaded CSS file: responsive.css
2025-12-20 19:07:06 - shared.ui.styles - INFO - Loaded CSS file: dark_mode.css
2025-12-20 19:07:06 - shared.services.recurrence_generation - INFO - Backfill completed: 0 transactions created
2025-12-20 19:07:06 - shared.services.recurrence - INFO - Recurrence backfill completed: 0 transactions created
2025-12-20 19:07:10 - root - INFO - ==================================================
2025-12-20 19:07:10 - root - INFO - Logging system initialized
2025-12-20 19:07:10 - root - INFO - Log file: C:\Users\djabi\gestion-financière\gestio_app.log
2025-12-20 19:07:10 - root - INFO - Log level: INFO
2025-12-20 19:07:10 - root - INFO - ==================================================
2025-12-20 19:07:10 - shared.database.schema - INFO - Database initialized successfully
2025-12-20 19:07:10 - shared.database.schema - INFO - Schema is already up to date
2025-12-20 19:07:10 - __main__ - INFO - Database initialized successfully
2025-12-20 19:07:10 - shared.ui.styles - INFO - Loaded CSS file: main.css
2025-12-20 19:07:10 - shared.ui.styles - INFO - Loaded CSS file: responsive.css
2025-12-20 19:07:10 - shared.ui.styles - INFO - Loaded CSS file: dark_mode.css
2025-12-20 19:07:10 - shared.services.recurrence_generation - INFO - Backfill completed: 0 transactions created
2025-12-20 19:07:10 - shared.services.recurrence - INFO - Recurrence backfill completed: 0 transactions created
2025-12-20 19:07:10 - shared.services.recurrence_generation - INFO - Cleanup: 0 récurrentes supprimées, 0 prévues expirées
2025-12-20 19:07:10 - shared.services.recurrence_generation - INFO - Sync recurrences to echeances: 0 created
2025-12-20 19:07:10 - shared.services.recurrence_generation - INFO - Echeances refresh completed
2025-12-20 19:07:13 - root - INFO - ==================================================
2025-12-20 19:07:13 - root - INFO - Logging system initialized
2025-12-20 19:07:13 - root - INFO - Log file: C:\Users\djabi\gestion-financière\gestio_app.log
2025-12-20 19:07:13 - root - INFO - Log level: INFO
2025-12-20 19:07:13 - root - INFO - ==================================================
2025-12-20 19:07:13 - shared.database.schema - INFO - Database initialized successfully
2025-12-20 19:07:13 - shared.database.schema - INFO - Schema is already up to date
2025-12-20 19:07:13 - __main__ - INFO - Database initialized successfully
2025-12-20 19:07:13 - shared.ui.styles - INFO - Loaded CSS file: main.css
2025-12-20 19:07:13 - shared.ui.styles - INFO - Loaded CSS file: responsive.css
2025-12-20 19:07:13 - shared.ui.styles - INFO - Loaded CSS file: dark_mode.css
2025-12-20 19:07:14 - root - INFO - ==================================================
2025-12-20 19:07:14 - root - INFO - Logging system initialized
2025-12-20 19:07:14 - root - INFO - Log file: C:\Users\djabi\gestion-financière\gestio_app.log
2025-12-20 19:07:14 - root - INFO - Log level: INFO
2025-12-20 19:07:14 - root - INFO - ==================================================
2025-12-20 19:07:14 - shared.database.schema - INFO - Database initialized successfully
2025-12-20 19:07:14 - shared.database.schema - INFO - Schema is already up to date
2025-12-20 19:07:14 - __main__ - INFO - Database initialized successfully
2025-12-20 19:07:14 - shared.ui.styles - INFO - Loaded CSS file: main.css
2025-12-20 19:07:14 - shared.ui.styles - INFO - Loaded CSS file: responsive.css
2025-12-20 19:07:14 - shared.ui.styles - INFO - Loaded CSS file: dark_mode.css
2025-12-20 19:07:14 - shared.services.recurrence_generation - INFO - Backfill completed: 0 transactions created
2025-12-20 19:07:14 - shared.services.recurrence - INFO - Recurrence backfill completed: 0 transactions created
2025-12-20 19:07:14 - shared.services.recurrence_generation - INFO - Cleanup: 0 récurrentes supprimées, 0 prévues expirées
2025-12-20 19:07:14 - shared.services.recurrence_generation - INFO - Sync recurrences to echeances: 0 created
2025-12-20 19:07:14 - shared.services.recurrence_generation - INFO - Echeances refresh completed
2025-12-20 19:07:16 - root - INFO - ==================================================
2025-12-20 19:07:16 - root - INFO - Logging system initialized
2025-12-20 19:07:16 - root - INFO - Log file: C:\Users\djabi\gestion-financière\gestio_app.log
2025-12-20 19:07:16 - root - INFO - Log level: INFO
2025-12-20 19:07:16 - root - INFO - ==================================================
2025-12-20 19:07:16 - shared.database.schema - INFO - Database initialized successfully
2025-12-20 19:07:16 - shared.database.schema - INFO - Schema is already up to date
2025-12-20 19:07:16 - __main__ - INFO - Database initialized successfully
2025-12-20 19:07:16 - shared.ui.styles - INFO - Loaded CSS file: main.css
2025-12-20 19:07:16 - shared.ui.styles - INFO - Loaded CSS file: responsive.css
2025-12-20 19:07:16 - shared.ui.styles - INFO - Loaded CSS file: dark_mode.css
2025-12-20 19:07:16 - shared.services.recurrence_generation - INFO - Backfill completed: 0 transactions created
2025-12-20 19:07:16 - shared.services.recurrence - INFO - Recurrence backfill completed: 0 transactions created
2025-12-20 19:07:17 - root - INFO - ==================================================
2025-12-20 19:07:17 - root - INFO - Logging system initialized
2025-12-20 19:07:17 - root - INFO - Log file: C:\Users\djabi\gestion-financière\gestio_app.log
2025-12-20 19:07:17 - root - INFO - Log level: INFO
2025-12-20 19:07:17 - root - INFO - ==================================================
2025-12-20 19:07:17 - shared.database.schema - INFO - Database initialized successfully
2025-12-20 19:07:17 - shared.database.schema - INFO - Schema is already up to date
2025-12-20 19:07:17 - __main__ - INFO - Database initialized successfully
2025-12-20 19:07:17 - shared.ui.styles - INFO - Loaded CSS file: main.css
2025-12-20 19:07:17 - shared.ui.styles - INFO - Loaded CSS file: responsive.css
2025-12-20 19:07:17 - shared.ui.styles - INFO - Loaded CSS file: dark_mode.css
2025-12-20 19:07:17 - shared.services.recurrence_generation - INFO - Backfill completed: 0 transactions created
2025-12-20 19:07:17 - shared.services.recurrence - INFO - Recurrence backfill completed: 0 transactions created
2025-12-20 19:07:17 - shared.services.recurrence_generation - INFO - Cleanup: 0 récurrentes supprimées, 0 prévues expirées
2025-12-20 19:07:17 - shared.services.recurrence_generation - INFO - Sync recurrences to echeances: 0 created
2025-12-20 19:07:17 - shared.services.recurrence_generation - INFO - Echeances refresh completed
2025-12-20 19:07:17 - root - INFO - ==================================================
2025-12-20 19:07:17 - root - INFO - Logging system initialized
2025-12-20 19:07:17 - root - INFO - Log file: C:\Users\djabi\gestion-financière\gestio_app.log
2025-12-20 19:07:17 - root - INFO - Log level: INFO
2025-12-20 19:07:17 - root - INFO - ==================================================
2025-12-20 19:07:17 - shared.database.schema - INFO - Database initialized successfully
2025-12-20 19:07:17 - shared.database.schema - INFO - Schema is already up to date
2025-12-20 19:07:17 - __main__ - INFO - Database initialized successfully
2025-12-20 19:07:17 - shared.ui.styles - INFO - Loaded CSS file: main.css
2025-12-20 19:07:17 - shared.ui.styles - INFO - Loaded CSS file: responsive.css
2025-12-20 19:07:17 - shared.ui.styles - INFO - Loaded CSS file: dark_mode.css
2025-12-20 19:07:17 - shared.services.recurrence_generation - INFO - Backfill completed: 0 transactions created
2025-12-20 19:07:17 - shared.services.recurrence - INFO - Recurrence backfill completed: 0 transactions created
2025-12-20 19:07:18 - root - INFO - ==================================================
2025-12-20 19:07:18 - root - INFO - Logging system initialized
2025-12-20 19:07:18 - root - INFO - Log file: C:\Users\djabi\gestion-financière\gestio_app.log
2025-12-20 19:07:18 - root - INFO - Log level: INFO
2025-12-20 19:07:18 - root - INFO - ==================================================
2025-12-20 19:07:18 - shared.database.schema - INFO - Database initialized successfully
2025-12-20 19:07:18 - shared.database.schema - INFO - Schema is already up to date
2025-12-20 19:07:18 - __main__ - INFO - Database initialized successfully
2025-12-20 19:07:18 - shared.ui.styles - INFO - Loaded CSS file: main.css
2025-12-20 19:07:18 - shared.ui.styles - INFO - Loaded CSS file: responsive.css
2025-12-20 19:07:18 - shared.ui.styles - INFO - Loaded CSS file: dark_mode.css
2025-12-20 19:07:24 - root - INFO - ==================================================
2025-12-20 19:07:24 - root - INFO - Logging system initialized
2025-12-20 19:07:24 - root - INFO - Log file: C:\Users\djabi\gestion-financière\gestio_app.log
2025-12-20 19:07:24 - root - INFO - Log level: INFO
2025-12-20 19:07:24 - root - INFO - ==================================================
2025-12-20 19:07:24 - shared.database.schema - INFO - Database initialized successfully
2025-12-20 19:07:24 - shared.database.schema - INFO - Schema is already up to date
2025-12-20 19:07:24 - __main__ - INFO - Database initialized successfully
2025-12-20 19:07:24 - shared.ui.styles - INFO - Loaded CSS file: main.css
2025-12-20 19:07:24 - shared.ui.styles - INFO - Loaded CSS file: responsive.css
2025-12-20 19:07:24 - shared.ui.styles - INFO - Loaded CSS file: dark_mode.css
2025-12-20 19:07:24 - shared.services.recurrence_generation - INFO - Backfill completed: 0 transactions created
2025-12-20 19:07:24 - shared.services.recurrence - INFO - Recurrence backfill completed: 0 transactions created
2025-12-20 19:10:25 - root - INFO - ==================================================
2025-12-20 19:10:25 - root - INFO - Logging system initialized
2025-12-20 19:10:25 - root - INFO - Log file: C:\Users\djabi\gestion-financière\gestio_app.log
2025-12-20 19:10:25 - root - INFO - Log level: INFO
2025-12-20 19:10:25 - root - INFO - ==================================================
2025-12-20 19:10:25 - shared.database.schema - INFO - Database initialized successfully
2025-12-20 19:10:25 - shared.database.schema - INFO - Schema is already up to date
2025-12-20 19:10:25 - __main__ - INFO - Database initialized successfully
2025-12-20 19:10:25 - shared.ui.styles - INFO - Loaded CSS file: main.css
2025-12-20 19:10:25 - shared.ui.styles - INFO - Loaded CSS file: responsive.css
2025-12-20 19:10:25 - shared.ui.styles - INFO - Loaded CSS file: dark_mode.css
2025-12-20 19:33:54 - root - INFO - ==================================================
2025-12-20 19:33:54 - root - INFO - Logging system initialized
2025-12-20 19:33:54 - root - INFO - Log file: C:\Users\djabi\gestion-financière\gestio_app.log
2025-12-20 19:33:54 - root - INFO - Log level: INFO
2025-12-20 19:33:54 - root - INFO - ==================================================
2025-12-20 19:33:54 - shared.database.schema - INFO - Database initialized successfully
2025-12-20 19:33:54 - shared.database.schema - INFO - Schema is already up to date
2025-12-20 19:33:54 - __main__ - INFO - Database initialized successfully
2025-12-20 19:33:54 - shared.ui.styles - INFO - Loaded CSS file: main.css
2025-12-20 19:33:54 - shared.ui.styles - INFO - Loaded CSS file: responsive.css
2025-12-20 19:33:54 - shared.ui.styles - INFO - Loaded CSS file: dark_mode.css
2025-12-20 19:33:55 - root - INFO - ==================================================
2025-12-20 19:33:55 - root - INFO - Logging system initialized
2025-12-20 19:33:55 - root - INFO - Log file: C:\Users\djabi\gestion-financière\gestio_app.log
2025-12-20 19:33:55 - root - INFO - Log level: INFO
2025-12-20 19:33:55 - root - INFO - ==================================================
2025-12-20 19:33:55 - shared.database.schema - INFO - Database initialized successfully
2025-12-20 19:33:55 - shared.database.schema - INFO - Schema is already up to date
2025-12-20 19:33:55 - __main__ - INFO - Database initialized successfully
2025-12-20 19:33:55 - shared.ui.styles - INFO - Loaded CSS file: main.css
2025-12-20 19:33:55 - shared.ui.styles - INFO - Loaded CSS file: responsive.css
2025-12-20 19:33:55 - shared.ui.styles - INFO - Loaded CSS file: dark_mode.css
2025-12-20 23:00:40 - root - INFO - ==================================================
2025-12-20 23:00:40 - root - INFO - Logging system initialized
2025-12-20 23:00:40 - root - INFO - Log file: C:\Users\djabi\gestion-financière\gestio_app.log
2025-12-20 23:00:40 - root - INFO - Log level: INFO
2025-12-20 23:00:40 - root - INFO - ==================================================
2025-12-20 23:00:40 - shared.database.schema - INFO - Database initialized successfully
2025-12-20 23:00:40 - shared.database.schema - INFO - Schema is already up to date
2025-12-20 23:00:40 - __main__ - INFO - Database initialized successfully
2025-12-20 23:00:40 - shared.ui.styles - INFO - Loaded CSS file: main.css
2025-12-20 23:00:40 - shared.ui.styles - INFO - Loaded CSS file: responsive.css
2025-12-20 23:00:40 - shared.ui.styles - INFO - Loaded CSS file: dark_mode.css
2025-12-20 23:00:45 - root - INFO - ==================================================
2025-12-20 23:00:45 - root - INFO - Logging system initialized
2025-12-20 23:00:45 - root - INFO - Log file: C:\Users\djabi\gestion-financière\gestio_app.log
2025-12-20 23:00:45 - root - INFO - Log level: INFO
2025-12-20 23:00:45 - root - INFO - ==================================================
2025-12-20 23:00:45 - shared.database.schema - INFO - Database initialized successfully
2025-12-20 23:00:45 - shared.database.schema - INFO - Schema is already up to date
2025-12-20 23:00:45 - __main__ - INFO - Database initialized successfully
2025-12-20 23:00:45 - shared.ui.styles - INFO - Loaded CSS file: main.css
2025-12-20 23:00:45 - shared.ui.styles - INFO - Loaded CSS file: responsive.css
2025-12-20 23:00:45 - shared.ui.styles - INFO - Loaded CSS file: dark_mode.css
2025-12-20 23:00:45 - domains.ocr.scanning_service - INFO - Found 0 ticket files to process
2025-12-20 23:00:45 - root - INFO - ==================================================
2025-12-20 23:00:45 - root - INFO - Logging system initialized
2025-12-20 23:00:45 - root - INFO - Log file: C:\Users\djabi\gestion-financière\gestio_app.log
2025-12-20 23:00:45 - root - INFO - Log level: INFO
2025-12-20 23:00:45 - root - INFO - ==================================================
2025-12-20 23:00:45 - shared.database.schema - INFO - Database initialized successfully
2025-12-20 23:00:45 - shared.database.schema - INFO - Schema is already up to date
2025-12-20 23:00:45 - __main__ - INFO - Database initialized successfully
2025-12-20 23:00:45 - shared.ui.styles - INFO - Loaded CSS file: main.css
2025-12-20 23:00:45 - shared.ui.styles - INFO - Loaded CSS file: responsive.css
2025-12-20 23:00:45 - shared.ui.styles - INFO - Loaded CSS file: dark_mode.css
2025-12-20 23:00:45 - shared.services.recurrence_generation - INFO - Backfill completed: 0 transactions created
2025-12-20 23:00:45 - shared.services.recurrence - INFO - Recurrence backfill completed: 0 transactions created
2025-12-20 23:00:46 - root - INFO - ==================================================
2025-12-20 23:00:46 - root - INFO - Logging system initialized
2025-12-20 23:00:46 - root - INFO - Log file: C:\Users\djabi\gestion-financière\gestio_app.log
2025-12-20 23:00:46 - root - INFO - Log level: INFO
2025-12-20 23:00:46 - root - INFO - ==================================================
2025-12-20 23:00:46 - shared.database.schema - INFO - Database initialized successfully
2025-12-20 23:00:46 - shared.database.schema - INFO - Schema is already up to date
2025-12-20 23:00:46 - __main__ - INFO - Database initialized successfully
2025-12-20 23:00:46 - shared.ui.styles - INFO - Loaded CSS file: main.css
2025-12-20 23:00:46 - shared.ui.styles - INFO - Loaded CSS file: responsive.css
2025-12-20 23:00:46 - shared.ui.styles - INFO - Loaded CSS file: dark_mode.css
2025-12-20 23:00:50 - root - INFO - ==================================================
2025-12-20 23:00:50 - root - INFO - Logging system initialized
2025-12-20 23:00:50 - root - INFO - Log file: C:\Users\djabi\gestion-financière\gestio_app.log
2025-12-20 23:00:50 - root - INFO - Log level: INFO
2025-12-20 23:00:50 - root - INFO - ==================================================
2025-12-20 23:00:50 - shared.database.schema - INFO - Database initialized successfully
2025-12-20 23:00:50 - shared.database.schema - INFO - Schema is already up to date
2025-12-20 23:00:50 - __main__ - INFO - Database initialized successfully
2025-12-20 23:00:50 - shared.ui.styles - INFO - Loaded CSS file: main.css
2025-12-20 23:00:50 - shared.ui.styles - INFO - Loaded CSS file: responsive.css
2025-12-20 23:00:50 - shared.ui.styles - INFO - Loaded CSS file: dark_mode.css
2025-12-20 23:00:50 - shared.services.recurrence_generation - INFO - Backfill completed: 0 transactions created
2025-12-20 23:00:50 - shared.services.recurrence - INFO - Recurrence backfill completed: 0 transactions created
2025-12-20 23:00:50 - shared.services.recurrence_generation - INFO - Cleanup: 0 récurrentes supprimées, 0 prévues expirées
2025-12-20 23:00:50 - shared.services.recurrence_generation - INFO - Sync recurrences to echeances: 0 created
2025-12-20 23:00:50 - shared.services.recurrence_generation - INFO - Echeances refresh completed
2025-12-20 23:04:02 - root - INFO - ==================================================
2025-12-20 23:04:02 - root - INFO - Logging system initialized
2025-12-20 23:04:02 - root - INFO - Log file: C:\Users\djabi\gestion-financière\gestio_app.log
2025-12-20 23:04:02 - root - INFO - Log level: INFO
2025-12-20 23:04:02 - root - INFO - ==================================================
2025-12-20 23:04:02 - shared.database.schema - INFO - Database initialized successfully
2025-12-20 23:04:02 - shared.database.schema - INFO - Schema is already up to date
2025-12-20 23:04:02 - __main__ - INFO - Database initialized successfully
2025-12-20 23:04:02 - shared.ui.styles - INFO - Loaded CSS file: main.css
2025-12-20 23:04:02 - shared.ui.styles - INFO - Loaded CSS file: responsive.css
2025-12-20 23:04:02 - shared.ui.styles - INFO - Loaded CSS file: dark_mode.css
2025-12-20 23:04:40 - root - INFO - ==================================================
2025-12-20 23:04:40 - root - INFO - Logging system initialized
2025-12-20 23:04:40 - root - INFO - Log file: C:\Users\djabi\gestion-financière\gestio_app.log
2025-12-20 23:04:40 - root - INFO - Log level: INFO
2025-12-20 23:04:40 - root - INFO - ==================================================
2025-12-20 23:04:40 - shared.database.schema - INFO - Database initialized successfully
2025-12-20 23:04:40 - shared.database.schema - INFO - Schema is already up to date
2025-12-20 23:04:40 - __main__ - INFO - Database initialized successfully
2025-12-20 23:04:40 - shared.ui.styles - INFO - Loaded CSS file: main.css
2025-12-20 23:04:40 - shared.ui.styles - INFO - Loaded CSS file: responsive.css
2025-12-20 23:04:40 - shared.ui.styles - INFO - Loaded CSS file: dark_mode.css
2025-12-20 23:04:44 - root - INFO - ==================================================
2025-12-20 23:04:44 - root - INFO - Logging system initialized
2025-12-20 23:04:44 - root - INFO - Log file: C:\Users\djabi\gestion-financière\gestio_app.log
2025-12-20 23:04:44 - root - INFO - Log level: INFO
2025-12-20 23:04:44 - root - INFO - ==================================================
2025-12-20 23:04:44 - shared.database.schema - INFO - Database initialized successfully
2025-12-20 23:04:44 - shared.database.schema - INFO - Schema is already up to date
2025-12-20 23:04:44 - __main__ - INFO - Database initialized successfully
2025-12-20 23:04:44 - shared.ui.styles - INFO - Loaded CSS file: main.css
2025-12-20 23:04:44 - shared.ui.styles - INFO - Loaded CSS file: responsive.css
2025-12-20 23:04:44 - shared.ui.styles - INFO - Loaded CSS file: dark_mode.css
2025-12-20 23:08:04 - root - INFO - ==================================================
2025-12-20 23:08:04 - root - INFO - Logging system initialized
2025-12-20 23:08:04 - root - INFO - Log file: C:\Users\djabi\gestion-financière\gestio_app.log
2025-12-20 23:08:04 - root - INFO - Log level: INFO
2025-12-20 23:08:04 - root - INFO - ==================================================
2025-12-20 23:08:04 - shared.database.schema - INFO - Database initialized successfully
2025-12-20 23:08:04 - shared.database.schema - INFO - Schema is already up to date
2025-12-20 23:08:04 - __main__ - INFO - Database initialized successfully
2025-12-20 23:08:04 - shared.ui.styles - INFO - Loaded CSS file: main.css
2025-12-20 23:08:04 - shared.ui.styles - INFO - Loaded CSS file: responsive.css
2025-12-20 23:08:04 - shared.ui.styles - INFO - Loaded CSS file: dark_mode.css
2025-12-20 23:10:20 - root - INFO - ==================================================
2025-12-20 23:10:20 - root - INFO - Logging system initialized
2025-12-20 23:10:20 - root - INFO - Log file: C:\Users\djabi\gestion-financière\gestio_app.log
2025-12-20 23:10:20 - root - INFO - Log level: INFO
2025-12-20 23:10:20 - root - INFO - ==================================================
2025-12-20 23:10:20 - shared.database.schema - INFO - Database initialized successfully
2025-12-20 23:10:20 - shared.database.schema - INFO - Schema is already up to date
2025-12-20 23:10:20 - __main__ - INFO - Database initialized successfully
2025-12-20 23:10:20 - shared.ui.styles - WARNING - CSS file not found: c:\Users\djabi\gestion-financiere_little\app\resources\styles\main.css
2025-12-20 23:10:20 - shared.ui.styles - WARNING - Could not apply CSS: main.css
2025-12-20 23:10:20 - shared.ui.styles - WARNING - CSS file not found: c:\Users\djabi\gestion-financiere_little\app\resources\styles\responsive.css
2025-12-20 23:10:20 - shared.ui.styles - WARNING - Could not apply CSS: responsive.css
2025-12-20 23:10:20 - shared.ui.styles - WARNING - CSS file not found: c:\Users\djabi\gestion-financiere_little\app\resources\styles\dark_mode.css
2025-12-20 23:10:20 - shared.ui.styles - WARNING - Could not apply CSS: dark_mode.css
2025-12-20 23:12:22 - root - INFO - ==================================================
2025-12-20 23:12:22 - root - INFO - Logging system initialized
2025-12-20 23:12:22 - root - INFO - Log file: C:\Users\djabi\gestion-financière\gestio_app.log
2025-12-20 23:12:22 - root - INFO - Log level: INFO
2025-12-20 23:12:22 - root - INFO - ==================================================
2025-12-20 23:12:22 - shared.database.schema - INFO - Database initialized successfully
2025-12-20 23:12:22 - shared.database.schema - INFO - Schema is already up to date
2025-12-20 23:12:22 - __main__ - INFO - Database initialized successfully
2025-12-20 23:12:22 - shared.ui.styles - INFO - Loaded CSS file: main.css
2025-12-20 23:12:22 - shared.ui.styles - INFO - Loaded CSS file: responsive.css
2025-12-20 23:12:22 - shared.ui.styles - INFO - Loaded CSS file: dark_mode.css
2025-12-20 23:12:26 - root - INFO - ==================================================
2025-12-20 23:12:26 - root - INFO - Logging system initialized
2025-12-20 23:12:26 - root - INFO - Log file: C:\Users\djabi\gestion-financière\gestio_app.log
2025-12-20 23:12:26 - root - INFO - Log level: INFO
2025-12-20 23:12:26 - root - INFO - ==================================================
2025-12-20 23:12:26 - shared.database.schema - INFO - Database initialized successfully
2025-12-20 23:12:26 - shared.database.schema - INFO - Schema is already up to date
2025-12-20 23:12:26 - __main__ - INFO - Database initialized successfully
2025-12-20 23:12:26 - shared.ui.styles - INFO - Loaded CSS file: main.css
2025-12-20 23:12:26 - shared.ui.styles - INFO - Loaded CSS file: responsive.css
2025-12-20 23:12:26 - shared.ui.styles - INFO - Loaded CSS file: dark_mode.css
2025-12-20 23:12:26 - domains.ocr.scanning_service - INFO - Found 0 ticket files to process
2025-12-20 23:12:27 - root - INFO - ==================================================
2025-12-20 23:12:27 - root - INFO - Logging system initialized
2025-12-20 23:12:27 - root - INFO - Log file: C:\Users\djabi\gestion-financière\gestio_app.log
2025-12-20 23:12:27 - root - INFO - Log level: INFO
2025-12-20 23:12:27 - root - INFO - ==================================================
2025-12-20 23:12:27 - shared.database.schema - INFO - Database initialized successfully
2025-12-20 23:12:27 - shared.database.schema - INFO - Schema is already up to date
2025-12-20 23:12:27 - __main__ - INFO - Database initialized successfully
2025-12-20 23:12:27 - shared.ui.styles - INFO - Loaded CSS file: main.css
2025-12-20 23:12:27 - shared.ui.styles - INFO - Loaded CSS file: responsive.css
2025-12-20 23:12:27 - shared.ui.styles - INFO - Loaded CSS file: dark_mode.css
2025-12-20 23:12:27 - shared.services.recurrence_generation - INFO - Backfill completed: 0 transactions created
2025-12-20 23:12:27 - shared.services.recurrence - INFO - Recurrence backfill completed: 0 transactions created
2025-12-20 23:14:19 - root - INFO - ==================================================
2025-12-20 23:14:19 - root - INFO - Logging system initialized
2025-12-20 23:14:19 - root - INFO - Log file: C:\Users\djabi\gestion-financière\gestio_app.log
2025-12-20 23:14:19 - root - INFO - Log level: INFO
2025-12-20 23:14:19 - root - INFO - ==================================================
2025-12-20 23:14:19 - shared.database.schema - INFO - Database initialized successfully
2025-12-20 23:14:19 - shared.database.schema - INFO - Schema is already up to date
2025-12-20 23:14:19 - __main__ - INFO - Database initialized successfully
2025-12-20 23:14:19 - shared.ui.styles - INFO - Loaded CSS file: main.css
2025-12-20 23:14:19 - shared.ui.styles - INFO - Loaded CSS file: responsive.css
2025-12-20 23:14:19 - shared.ui.styles - INFO - Loaded CSS file: dark_mode.css
2025-12-20 23:14:19 - root - INFO - ==================================================
2025-12-20 23:14:19 - root - INFO - Logging system initialized
2025-12-20 23:14:19 - root - INFO - Log file: C:\Users\djabi\gestion-financière\gestio_app.log
2025-12-20 23:14:19 - root - INFO - Log level: INFO
2025-12-20 23:14:19 - root - INFO - ==================================================
2025-12-20 23:14:19 - shared.database.schema - INFO - Database initialized successfully
2025-12-20 23:14:19 - shared.database.schema - INFO - Schema is already up to date
2025-12-20 23:14:19 - __main__ - INFO - Database initialized successfully
2025-12-20 23:14:19 - shared.ui.styles - INFO - Loaded CSS file: main.css
2025-12-20 23:14:19 - shared.ui.styles - INFO - Loaded CSS file: responsive.css
2025-12-20 23:14:19 - shared.ui.styles - INFO - Loaded CSS file: dark_mode.css
2025-12-20 23:14:19 - shared.services.recurrence_generation - INFO - Backfill completed: 0 transactions created
2025-12-20 23:14:19 - shared.services.recurrence - INFO - Recurrence backfill completed: 0 transactions created
2025-12-20 23:14:20 - root - INFO - ==================================================
2025-12-20 23:14:20 - root - INFO - Logging system initialized
2025-12-20 23:14:20 - root - INFO - Log file: C:\Users\djabi\gestion-financière\gestio_app.log
2025-12-20 23:14:20 - root - INFO - Log level: INFO
2025-12-20 23:14:20 - root - INFO - ==================================================
2025-12-20 23:14:20 - shared.database.schema - INFO - Database initialized successfully
2025-12-20 23:14:20 - shared.database.schema - INFO - Schema is already up to date
2025-12-20 23:14:20 - __main__ - INFO - Database initialized successfully
2025-12-20 23:14:20 - shared.ui.styles - INFO - Loaded CSS file: main.css
2025-12-20 23:14:20 - shared.ui.styles - INFO - Loaded CSS file: responsive.css
2025-12-20 23:14:20 - shared.ui.styles - INFO - Loaded CSS file: dark_mode.css
2025-12-20 23:14:20 - root - INFO - ==================================================
2025-12-20 23:14:20 - root - INFO - Logging system initialized
2025-12-20 23:14:20 - root - INFO - Log file: C:\Users\djabi\gestion-financière\gestio_app.log
2025-12-20 23:14:20 - root - INFO - Log level: INFO
2025-12-20 23:14:20 - root - INFO - ==================================================
2025-12-20 23:14:20 - shared.database.schema - INFO - Database initialized successfully
2025-12-20 23:14:20 - shared.database.schema - INFO - Schema is already up to date
2025-12-20 23:14:20 - __main__ - INFO - Database initialized successfully
2025-12-20 23:14:20 - shared.ui.styles - INFO - Loaded CSS file: main.css
2025-12-20 23:14:20 - shared.ui.styles - INFO - Loaded CSS file: responsive.css
2025-12-20 23:14:20 - shared.ui.styles - INFO - Loaded CSS file: dark_mode.css
2025-12-20 23:14:20 - shared.services.recurrence_generation - INFO - Backfill completed: 0 transactions created
2025-12-20 23:14:20 - shared.services.recurrence - INFO - Recurrence backfill completed: 0 transactions created
2025-12-20 23:14:20 - root - INFO - ==================================================
2025-12-20 23:14:20 - root - INFO - Logging system initialized
2025-12-20 23:14:20 - root - INFO - Log file: C:\Users\djabi\gestion-financière\gestio_app.log
2025-12-20 23:14:20 - root - INFO - Log level: INFO
2025-12-20 23:14:20 - root - INFO - ==================================================
2025-12-20 23:14:20 - shared.database.schema - INFO - Database initialized successfully
2025-12-20 23:14:20 - shared.database.schema - INFO - Schema is already up to date
2025-12-20 23:14:20 - __main__ - INFO - Database initialized successfully
2025-12-20 23:14:20 - shared.ui.styles - INFO - Loaded CSS file: main.css
2025-12-20 23:14:20 - shared.ui.styles - INFO - Loaded CSS file: responsive.css
2025-12-20 23:14:20 - shared.ui.styles - INFO - Loaded CSS file: dark_mode.css
2025-12-20 23:14:20 - root - INFO - ==================================================
2025-12-20 23:14:20 - root - INFO - Logging system initialized
2025-12-20 23:14:20 - root - INFO - Log file: C:\Users\djabi\gestion-financière\gestio_app.log
2025-12-20 23:14:20 - root - INFO - Log level: INFO
2025-12-20 23:14:20 - root - INFO - ==================================================
2025-12-20 23:14:20 - shared.database.schema - INFO - Database initialized successfully
2025-12-20 23:14:20 - shared.database.schema - INFO - Schema is already up to date
2025-12-20 23:14:20 - __main__ - INFO - Database initialized successfully
2025-12-20 23:14:20 - shared.ui.styles - INFO - Loaded CSS file: main.css
2025-12-20 23:14:20 - shared.ui.styles - INFO - Loaded CSS file: responsive.css
2025-12-20 23:14:20 - shared.ui.styles - INFO - Loaded CSS file: dark_mode.css
2025-12-20 23:14:20 - shared.services.recurrence_generation - INFO - Backfill completed: 0 transactions created
2025-12-20 23:14:20 - shared.services.recurrence - INFO - Recurrence backfill completed: 0 transactions created
2025-12-20 23:16:37 - root - INFO - ==================================================
2025-12-20 23:16:37 - root - INFO - Logging system initialized
2025-12-20 23:16:37 - root - INFO - Log file: C:\Users\djabi\gestion-financière\gestio_app.log
2025-12-20 23:16:37 - root - INFO - Log level: INFO
2025-12-20 23:16:37 - root - INFO - ==================================================
2025-12-20 23:16:37 - shared.database.schema - INFO - Database initialized successfully
2025-12-20 23:16:37 - shared.database.schema - INFO - Schema is already up to date
2025-12-20 23:16:37 - __main__ - INFO - Database initialized successfully
2025-12-20 23:16:37 - shared.ui.styles - INFO - Loaded CSS file: main.css
2025-12-20 23:16:37 - shared.ui.styles - INFO - Loaded CSS file: responsive.css
2025-12-20 23:16:37 - shared.ui.styles - INFO - Loaded CSS file: dark_mode.css
2025-12-20 23:16:41 - root - INFO - ==================================================
2025-12-20 23:16:41 - root - INFO - Logging system initialized
2025-12-20 23:16:41 - root - INFO - Log file: C:\Users\djabi\gestion-financière\gestio_app.log
2025-12-20 23:16:41 - root - INFO - Log level: INFO
2025-12-20 23:16:41 - root - INFO - ==================================================
2025-12-20 23:16:41 - shared.database.schema - INFO - Database initialized successfully
2025-12-20 23:16:41 - shared.database.schema - INFO - Schema is already up to date
2025-12-20 23:16:41 - __main__ - INFO - Database initialized successfully
2025-12-20 23:16:41 - shared.ui.styles - INFO - Loaded CSS file: main.css
2025-12-20 23:16:41 - shared.ui.styles - INFO - Loaded CSS file: responsive.css
2025-12-20 23:16:41 - shared.ui.styles - INFO - Loaded CSS file: dark_mode.css
2025-12-20 23:16:41 - domains.ocr.scanning_service - INFO - Found 0 ticket files to process
2025-12-20 23:16:42 - root - INFO - ==================================================
2025-12-20 23:16:42 - root - INFO - Logging system initialized
2025-12-20 23:16:42 - root - INFO - Log file: C:\Users\djabi\gestion-financière\gestio_app.log
2025-12-20 23:16:42 - root - INFO - Log level: INFO
2025-12-20 23:16:42 - root - INFO - ==================================================
2025-12-20 23:16:42 - shared.database.schema - INFO - Database initialized successfully
2025-12-20 23:16:42 - shared.database.schema - INFO - Schema is already up to date
2025-12-20 23:16:42 - __main__ - INFO - Database initialized successfully
2025-12-20 23:16:42 - shared.ui.styles - INFO - Loaded CSS file: main.css
2025-12-20 23:16:42 - shared.ui.styles - INFO - Loaded CSS file: responsive.css
2025-12-20 23:16:42 - shared.ui.styles - INFO - Loaded CSS file: dark_mode.css
2025-12-20 23:16:42 - shared.services.recurrence_generation - INFO - Backfill completed: 0 transactions created
2025-12-20 23:16:42 - shared.services.recurrence - INFO - Recurrence backfill completed: 0 transactions created
2025-12-20 23:17:24 - root - INFO - ==================================================
2025-12-20 23:17:24 - root - INFO - Logging system initialized
2025-12-20 23:17:24 - root - INFO - Log file: C:\Users\djabi\gestion-financière\gestio_app.log
2025-12-20 23:17:24 - root - INFO - Log level: INFO
2025-12-20 23:17:24 - root - INFO - ==================================================
2025-12-20 23:17:24 - shared.database.schema - INFO - Database initialized successfully
2025-12-20 23:17:24 - shared.database.schema - INFO - Schema is already up to date
2025-12-20 23:17:24 - __main__ - INFO - Database initialized successfully
2025-12-20 23:17:24 - shared.ui.styles - INFO - Loaded CSS file: main.css
2025-12-20 23:17:24 - shared.ui.styles - INFO - Loaded CSS file: responsive.css
2025-12-20 23:17:24 - shared.ui.styles - INFO - Loaded CSS file: dark_mode.css
2025-12-20 23:17:24 - shared.services.recurrence_generation - INFO - Backfill completed: 0 transactions created
2025-12-20 23:17:24 - shared.services.recurrence - INFO - Recurrence backfill completed: 0 transactions created
2025-12-20 23:17:24 - shared.services.recurrence_generation - INFO - Cleanup: 0 récurrentes supprimées, 0 prévues expirées
2025-12-20 23:17:24 - shared.services.recurrence_generation - INFO - Sync recurrences to echeances: 0 created
2025-12-20 23:17:24 - shared.services.recurrence_generation - INFO - Echeances refresh completed
2025-12-20 23:17:25 - root - INFO - ==================================================
2025-12-20 23:17:25 - root - INFO - Logging system initialized
2025-12-20 23:17:25 - root - INFO - Log file: C:\Users\djabi\gestion-financière\gestio_app.log
2025-12-20 23:17:25 - root - INFO - Log level: INFO
2025-12-20 23:17:25 - root - INFO - ==================================================
2025-12-20 23:17:25 - shared.database.schema - INFO - Database initialized successfully
2025-12-20 23:17:25 - shared.database.schema - INFO - Schema is already up to date
2025-12-20 23:17:25 - __main__ - INFO - Database initialized successfully
2025-12-20 23:17:25 - shared.ui.styles - INFO - Loaded CSS file: main.css
2025-12-20 23:17:25 - shared.ui.styles - INFO - Loaded CSS file: responsive.css
2025-12-20 23:17:25 - shared.ui.styles - INFO - Loaded CSS file: dark_mode.css
2025-12-20 23:17:25 - shared.services.recurrence_generation - INFO - Backfill completed: 0 transactions created
2025-12-20 23:17:25 - shared.services.recurrence - INFO - Recurrence backfill completed: 0 transactions created
2025-12-20 23:18:22 - root - INFO - ==================================================
2025-12-20 23:18:22 - root - INFO - Logging system initialized
2025-12-20 23:18:22 - root - INFO - Log file: C:\Users\djabi\gestion-financière\gestio_app.log
2025-12-20 23:18:22 - root - INFO - Log level: INFO
2025-12-20 23:18:22 - root - INFO - ==================================================
2025-12-20 23:18:22 - shared.database.schema - INFO - Database initialized successfully
2025-12-20 23:18:22 - shared.database.schema - INFO - Schema is already up to date
2025-12-20 23:18:22 - __main__ - INFO - Database initialized successfully
2025-12-20 23:18:22 - shared.ui.styles - INFO - Loaded CSS file: main.css
2025-12-20 23:18:22 - shared.ui.styles - INFO - Loaded CSS file: responsive.css
2025-12-20 23:18:22 - shared.ui.styles - INFO - Loaded CSS file: dark_mode.css
2025-12-20 23:18:23 - root - INFO - ==================================================
2025-12-20 23:18:23 - root - INFO - Logging system initialized
2025-12-20 23:18:23 - root - INFO - Log file: C:\Users\djabi\gestion-financière\gestio_app.log
2025-12-20 23:18:23 - root - INFO - Log level: INFO
2025-12-20 23:18:23 - root - INFO - ==================================================
2025-12-20 23:18:23 - shared.database.schema - INFO - Database initialized successfully
2025-12-20 23:18:23 - shared.database.schema - INFO - Schema is already up to date
2025-12-20 23:18:23 - __main__ - INFO - Database initialized successfully
2025-12-20 23:18:23 - shared.ui.styles - INFO - Loaded CSS file: main.css
2025-12-20 23:18:23 - shared.ui.styles - INFO - Loaded CSS file: responsive.css
2025-12-20 23:18:23 - shared.ui.styles - INFO - Loaded CSS file: dark_mode.css
2025-12-20 23:18:45 - root - INFO - ==================================================
2025-12-20 23:18:45 - root - INFO - Logging system initialized
2025-12-20 23:18:45 - root - INFO - Log file: C:\Users\djabi\gestion-financière\gestio_app.log
2025-12-20 23:18:45 - root - INFO - Log level: INFO
2025-12-20 23:18:45 - root - INFO - ==================================================
2025-12-20 23:18:45 - shared.database.schema - INFO - Database initialized successfully
2025-12-20 23:18:45 - shared.database.schema - INFO - Schema is already up to date
2025-12-20 23:18:45 - __main__ - INFO - Database initialized successfully
2025-12-20 23:18:45 - shared.ui.styles - INFO - Loaded CSS file: main.css
2025-12-20 23:18:45 - shared.ui.styles - INFO - Loaded CSS file: responsive.css
2025-12-20 23:18:45 - shared.ui.styles - INFO - Loaded CSS file: dark_mode.css
2025-12-20 23:20:41 - root - INFO - ==================================================
2025-12-20 23:20:41 - root - INFO - Logging system initialized
2025-12-20 23:20:41 - root - INFO - Log file: C:\Users\djabi\gestion-financière\gestio_app.log
2025-12-20 23:20:41 - root - INFO - Log level: INFO
2025-12-20 23:20:41 - root - INFO - ==================================================
2025-12-20 23:20:41 - shared.database.schema - INFO - Database initialized successfully
2025-12-20 23:20:41 - shared.database.schema - INFO - Schema is already up to date
2025-12-20 23:20:41 - __main__ - INFO - Database initialized successfully
2025-12-20 23:20:41 - shared.ui.styles - INFO - Loaded CSS file: main.css
2025-12-20 23:20:41 - shared.ui.styles - INFO - Loaded CSS file: responsive.css
2025-12-20 23:20:41 - shared.ui.styles - INFO - Loaded CSS file: dark_mode.css
2025-12-20 23:20:54 - root - INFO - ==================================================
2025-12-20 23:20:54 - root - INFO - Logging system initialized
2025-12-20 23:20:54 - root - INFO - Log file: C:\Users\djabi\gestion-financière\gestio_app.log
2025-12-20 23:20:54 - root - INFO - Log level: INFO
2025-12-20 23:20:54 - root - INFO - ==================================================
2025-12-20 23:20:54 - shared.database.schema - INFO - Database initialized successfully
2025-12-20 23:20:54 - shared.database.schema - INFO - Schema is already up to date
2025-12-20 23:20:54 - __main__ - INFO - Database initialized successfully
2025-12-20 23:20:54 - shared.ui.styles - INFO - Loaded CSS file: main.css
2025-12-20 23:20:54 - shared.ui.styles - INFO - Loaded CSS file: responsive.css
2025-12-20 23:20:54 - shared.ui.styles - INFO - Loaded CSS file: dark_mode.css
2025-12-20 23:23:19 - root - INFO - ==================================================
2025-12-20 23:23:19 - root - INFO - Logging system initialized
2025-12-20 23:23:19 - root - INFO - Log file: C:\Users\djabi\gestion-financière\gestio_app.log
2025-12-20 23:23:19 - root - INFO - Log level: INFO
2025-12-20 23:23:19 - root - INFO - ==================================================
2025-12-20 23:23:19 - shared.database.schema - INFO - Database initialized successfully
2025-12-20 23:23:19 - shared.database.schema - INFO - Schema is already up to date
2025-12-20 23:23:19 - __main__ - INFO - Database initialized successfully
2025-12-20 23:23:19 - shared.ui.styles - INFO - Loaded CSS file: main.css
2025-12-20 23:23:19 - shared.ui.styles - INFO - Loaded CSS file: responsive.css
2025-12-20 23:23:19 - shared.ui.styles - INFO - Loaded CSS file: dark_mode.css
2025-12-20 23:30:42 - root - INFO - ==================================================
2025-12-20 23:30:42 - root - INFO - Logging system initialized
2025-12-20 23:30:42 - root - INFO - Log file: C:\Users\djabi\gestion-financière\gestio_app.log
2025-12-20 23:30:42 - root - INFO - Log level: INFO
2025-12-20 23:30:42 - root - INFO - ==================================================
2025-12-20 23:30:42 - shared.database.schema - INFO - Database initialized successfully
2025-12-20 23:30:42 - shared.database.schema - INFO - Schema is already up to date
2025-12-20 23:30:42 - __main__ - INFO - Database initialized successfully
2025-12-20 23:30:42 - shared.ui.styles - INFO - Loaded CSS file: main.css
2025-12-20 23:30:42 - shared.ui.styles - INFO - Loaded CSS file: responsive.css
2025-12-20 23:30:42 - shared.ui.styles - INFO - Loaded CSS file: dark_mode.css
2025-12-20 23:33:15 - root - INFO - ==================================================
2025-12-20 23:33:15 - root - INFO - Logging system initialized
2025-12-20 23:33:15 - root - INFO - Log file: C:\Users\djabi\gestion-financière\gestio_app.log
2025-12-20 23:33:15 - root - INFO - Log level: INFO
2025-12-20 23:33:15 - root - INFO - ==================================================
2025-12-20 23:33:15 - shared.database.schema - INFO - Database initialized successfully
2025-12-20 23:33:15 - shared.database.schema - INFO - Schema is already up to date
2025-12-20 23:33:15 - __main__ - INFO - Database initialized successfully
2025-12-20 23:33:15 - shared.ui.styles - INFO - Loaded CSS file: main.css
2025-12-20 23:33:15 - shared.ui.styles - INFO - Loaded CSS file: responsive.css
2025-12-20 23:33:15 - shared.ui.styles - INFO - Loaded CSS file: dark_mode.css
2025-12-20 23:33:19 - root - INFO - ==================================================
2025-12-20 23:33:19 - root - INFO - Logging system initialized
2025-12-20 23:33:19 - root - INFO - Log file: C:\Users\djabi\gestion-financière\gestio_app.log
2025-12-20 23:33:19 - root - INFO - Log level: INFO
2025-12-20 23:33:19 - root - INFO - ==================================================
2025-12-20 23:33:19 - shared.database.schema - INFO - Database initialized successfully
2025-12-20 23:33:19 - shared.database.schema - INFO - Schema is already up to date
2025-12-20 23:33:19 - __main__ - INFO - Database initialized successfully
2025-12-20 23:33:19 - shared.ui.styles - INFO - Loaded CSS file: main.css
2025-12-20 23:33:19 - shared.ui.styles - INFO - Loaded CSS file: responsive.css
2025-12-20 23:33:19 - shared.ui.styles - INFO - Loaded CSS file: dark_mode.css
2025-12-20 23:34:27 - root - INFO - ==================================================
2025-12-20 23:34:27 - root - INFO - Logging system initialized
2025-12-20 23:34:27 - root - INFO - Log file: C:\Users\djabi\gestion-financière\gestio_app.log
2025-12-20 23:34:27 - root - INFO - Log level: INFO
2025-12-20 23:34:27 - root - INFO - ==================================================
2025-12-20 23:34:28 - shared.database.schema - INFO - Database initialized successfully
2025-12-20 23:34:28 - shared.database.schema - INFO - Schema is already up to date
2025-12-20 23:34:28 - __main__ - INFO - Database initialized successfully
2025-12-20 23:34:28 - shared.ui.styles - INFO - Loaded CSS file: main.css
2025-12-20 23:34:28 - shared.ui.styles - INFO - Loaded CSS file: responsive.css
2025-12-20 23:34:28 - shared.ui.styles - INFO - Loaded CSS file: dark_mode.css
2025-12-20 23:39:33 - root - INFO - ==================================================
2025-12-20 23:39:33 - root - INFO - Logging system initialized
2025-12-20 23:39:33 - root - INFO - Log file: C:\Users\djabi\gestion-financière\gestio_app.log
2025-12-20 23:39:33 - root - INFO - Log level: INFO
2025-12-20 23:39:33 - root - INFO - ==================================================
2025-12-20 23:39:33 - shared.database.schema - INFO - Database initialized successfully
2025-12-20 23:39:33 - shared.database.schema - INFO - Schema is already up to date
2025-12-20 23:39:33 - __main__ - INFO - Database initialized successfully
2025-12-20 23:39:33 - shared.ui.styles - INFO - Loaded CSS file: main.css
2025-12-20 23:39:33 - shared.ui.styles - INFO - Loaded CSS file: responsive.css
2025-12-20 23:39:33 - shared.ui.styles - INFO - Loaded CSS file: dark_mode.css
2025-12-20 23:39:58 - root - INFO - ==================================================
2025-12-20 23:39:58 - root - INFO - Logging system initialized
2025-12-20 23:39:58 - root - INFO - Log file: C:\Users\djabi\gestion-financière\gestio_app.log
2025-12-20 23:39:58 - root - INFO - Log level: INFO
2025-12-20 23:39:58 - root - INFO - ==================================================
2025-12-20 23:39:58 - shared.database.schema - INFO - Database initialized successfully
2025-12-20 23:39:58 - shared.database.schema - INFO - Schema is already up to date
2025-12-20 23:39:58 - __main__ - INFO - Database initialized successfully
2025-12-20 23:39:58 - shared.ui.styles - INFO - Loaded CSS file: main.css
2025-12-20 23:39:58 - shared.ui.styles - INFO - Loaded CSS file: responsive.css
2025-12-20 23:39:58 - shared.ui.styles - INFO - Loaded CSS file: dark_mode.css
2025-12-20 23:40:39 - root - INFO - ==================================================
2025-12-20 23:40:39 - root - INFO - Logging system initialized
2025-12-20 23:40:39 - root - INFO - Log file: C:\Users\djabi\gestion-financière\gestio_app.log
2025-12-20 23:40:39 - root - INFO - Log level: INFO
2025-12-20 23:40:39 - root - INFO - ==================================================
2025-12-20 23:40:39 - shared.database.schema - INFO - Database initialized successfully
2025-12-20 23:40:39 - shared.database.schema - INFO - Schema is already up to date
2025-12-20 23:40:39 - __main__ - INFO - Database initialized successfully
2025-12-20 23:40:39 - shared.ui.styles - INFO - Loaded CSS file: main.css
2025-12-20 23:40:39 - shared.ui.styles - INFO - Loaded CSS file: responsive.css
2025-12-20 23:40:39 - shared.ui.styles - INFO - Loaded CSS file: dark_mode.css
2025-12-20 23:41:07 - root - INFO - ==================================================
2025-12-20 23:41:07 - root - INFO - Logging system initialized
2025-12-20 23:41:07 - root - INFO - Log file: C:\Users\djabi\gestion-financière\gestio_app.log
2025-12-20 23:41:07 - root - INFO - Log level: INFO
2025-12-20 23:41:07 - root - INFO - ==================================================
2025-12-20 23:41:07 - shared.database.schema - INFO - Database initialized successfully
2025-12-20 23:41:07 - shared.database.schema - INFO - Schema is already up to date
2025-12-20 23:41:07 - __main__ - INFO - Database initialized successfully
2025-12-20 23:41:07 - shared.ui.styles - INFO - Loaded CSS file: main.css
2025-12-20 23:41:07 - shared.ui.styles - INFO - Loaded CSS file: responsive.css
2025-12-20 23:41:07 - shared.ui.styles - INFO - Loaded CSS file: dark_mode.css
2025-12-20 23:41:38 - root - INFO - ==================================================
2025-12-20 23:41:38 - root - INFO - Logging system initialized
2025-12-20 23:41:38 - root - INFO - Log file: C:\Users\djabi\gestion-financière\gestio_app.log
2025-12-20 23:41:38 - root - INFO - Log level: INFO
2025-12-20 23:41:38 - root - INFO - ==================================================
2025-12-20 23:41:38 - shared.database.schema - INFO - Database initialized successfully
2025-12-20 23:41:38 - shared.database.schema - INFO - Schema is already up to date
2025-12-20 23:41:38 - __main__ - INFO - Database initialized successfully
2025-12-20 23:41:38 - shared.ui.styles - INFO - Loaded CSS file: main.css
2025-12-20 23:41:38 - shared.ui.styles - INFO - Loaded CSS file: responsive.css
2025-12-20 23:41:38 - shared.ui.styles - INFO - Loaded CSS file: dark_mode.css
2025-12-20 23:41:39 - root - INFO - ==================================================
2025-12-20 23:41:39 - root - INFO - Logging system initialized
2025-12-20 23:41:39 - root - INFO - Log file: C:\Users\djabi\gestion-financière\gestio_app.log
2025-12-20 23:41:39 - root - INFO - Log level: INFO
2025-12-20 23:41:39 - root - INFO - ==================================================
2025-12-20 23:41:39 - shared.database.schema - INFO - Database initialized successfully
2025-12-20 23:41:39 - shared.database.schema - INFO - Schema is already up to date
2025-12-20 23:41:39 - __main__ - INFO - Database initialized successfully
2025-12-20 23:41:39 - shared.ui.styles - INFO - Loaded CSS file: main.css
2025-12-20 23:41:39 - shared.ui.styles - INFO - Loaded CSS file: responsive.css
2025-12-20 23:41:39 - shared.ui.styles - INFO - Loaded CSS file: dark_mode.css
2025-12-20 23:45:26 - root - INFO - ==================================================
2025-12-20 23:45:26 - root - INFO - Logging system initialized
2025-12-20 23:45:26 - root - INFO - Log file: C:\Users\djabi\gestion-financière\gestio_app.log
2025-12-20 23:45:26 - root - INFO - Log level: INFO
2025-12-20 23:45:26 - root - INFO - ==================================================
2025-12-20 23:45:26 - shared.database.schema - INFO - Database initialized successfully
2025-12-20 23:45:26 - shared.database.schema - INFO - Schema is already up to date
2025-12-20 23:45:26 - __main__ - INFO - Database initialized successfully
2025-12-20 23:45:26 - shared.ui.styles - INFO - Loaded CSS file: main.css
2025-12-20 23:45:26 - shared.ui.styles - INFO - Loaded CSS file: responsive.css
2025-12-20 23:45:26 - shared.ui.styles - INFO - Loaded CSS file: dark_mode.css
2025-12-20 23:45:55 - root - INFO - ==================================================
2025-12-20 23:45:55 - root - INFO - Logging system initialized
2025-12-20 23:45:55 - root - INFO - Log file: C:\Users\djabi\gestion-financière\gestio_app.log
2025-12-20 23:45:55 - root - INFO - Log level: INFO
2025-12-20 23:45:55 - root - INFO - ==================================================
2025-12-20 23:45:55 - shared.database.schema - INFO - Database initialized successfully
2025-12-20 23:45:55 - shared.database.schema - INFO - Schema is already up to date
2025-12-20 23:45:55 - __main__ - INFO - Database initialized successfully
2025-12-20 23:45:55 - shared.ui.styles - INFO - Loaded CSS file: main.css
2025-12-20 23:45:55 - shared.ui.styles - INFO - Loaded CSS file: responsive.css
2025-12-20 23:45:55 - shared.ui.styles - INFO - Loaded CSS file: dark_mode.css
2025-12-21 01:16:41 - root - INFO - ==================================================
2025-12-21 01:16:41 - root - INFO - Logging system initialized
2025-12-21 01:16:41 - root - INFO - Log file: C:\Users\djabi\gestion-financière\gestio_app.log
2025-12-21 01:16:41 - root - INFO - Log level: INFO
2025-12-21 01:16:41 - root - INFO - ==================================================
2025-12-21 01:16:41 - shared.database.schema - INFO - Database initialized successfully
2025-12-21 01:16:41 - shared.database.schema - INFO - Schema is already up to date
2025-12-21 01:16:41 - __main__ - INFO - Database initialized successfully
2025-12-21 01:16:41 - shared.ui.styles - INFO - Loaded CSS file: main.css
2025-12-21 01:16:41 - shared.ui.styles - INFO - Loaded CSS file: responsive.css
2025-12-21 01:16:41 - shared.ui.styles - INFO - Loaded CSS file: dark_mode.css
2025-12-21 01:19:04 - root - INFO - ==================================================
2025-12-21 01:19:04 - root - INFO - Logging system initialized
2025-12-21 01:19:04 - root - INFO - Log file: C:\Users\djabi\gestion-financière\gestio_app.log
2025-12-21 01:19:04 - root - INFO - Log level: INFO
2025-12-21 01:19:04 - root - INFO - ==================================================
2025-12-21 01:19:04 - shared.database.schema - INFO - Database initialized successfully
2025-12-21 01:19:04 - shared.database.schema - INFO - Schema is already up to date
2025-12-21 01:19:04 - __main__ - INFO - Database initialized successfully
2025-12-21 01:19:04 - shared.ui.styles - INFO - Loaded CSS file: main.css
2025-12-21 01:19:04 - shared.ui.styles - INFO - Loaded CSS file: responsive.css
2025-12-21 01:19:04 - shared.ui.styles - INFO - Loaded CSS file: dark_mode.css
2025-12-21 01:20:10 - root - INFO - ==================================================
2025-12-21 01:20:10 - root - INFO - Logging system initialized
2025-12-21 01:20:10 - root - INFO - Log file: C:\Users\djabi\gestion-financière\gestio_app.log
2025-12-21 01:20:10 - root - INFO - Log level: INFO
2025-12-21 01:20:10 - root - INFO - ==================================================
2025-12-21 01:20:10 - shared.database.schema - INFO - Database initialized successfully
2025-12-21 01:20:10 - shared.database.schema - INFO - Schema is already up to date
2025-12-21 01:20:10 - __main__ - INFO - Database initialized successfully
2025-12-21 01:20:10 - shared.ui.styles - INFO - Loaded CSS file: main.css
2025-12-21 01:20:10 - shared.ui.styles - INFO - Loaded CSS file: responsive.css
2025-12-21 01:20:10 - shared.ui.styles - INFO - Loaded CSS file: dark_mode.css
2025-12-21 01:21:25 - root - INFO - ==================================================
2025-12-21 01:21:25 - root - INFO - Logging system initialized
2025-12-21 01:21:25 - root - INFO - Log file: C:\Users\djabi\gestion-financière\gestio_app.log
2025-12-21 01:21:25 - root - INFO - Log level: INFO
2025-12-21 01:21:25 - root - INFO - ==================================================
2025-12-21 01:21:25 - shared.database.schema - INFO - Database initialized successfully
2025-12-21 01:21:25 - shared.database.schema - INFO - Schema is already up to date
2025-12-21 01:21:25 - __main__ - INFO - Database initialized successfully
2025-12-21 01:21:25 - shared.ui.styles - INFO - Loaded CSS file: main.css
2025-12-21 01:21:25 - shared.ui.styles - INFO - Loaded CSS file: responsive.css
2025-12-21 01:21:25 - shared.ui.styles - INFO - Loaded CSS file: dark_mode.css
2025-12-21 01:22:40 - root - INFO - ==================================================
2025-12-21 01:22:40 - root - INFO - Logging system initialized
2025-12-21 01:22:40 - root - INFO - Log file: C:\Users\djabi\gestion-financière\gestio_app.log
2025-12-21 01:22:40 - root - INFO - Log level: INFO
2025-12-21 01:22:40 - root - INFO - ==================================================
2025-12-21 01:22:40 - shared.database.schema - INFO - Database initialized successfully
2025-12-21 01:22:40 - shared.database.schema - INFO - Schema is already up to date
2025-12-21 01:22:40 - __main__ - INFO - Database initialized successfully
2025-12-21 01:22:40 - shared.ui.styles - INFO - Loaded CSS file: main.css
2025-12-21 01:22:40 - shared.ui.styles - INFO - Loaded CSS file: responsive.css
2025-12-21 01:22:40 - shared.ui.styles - INFO - Loaded CSS file: dark_mode.css
2025-12-21 01:25:02 - root - INFO - ==================================================
2025-12-21 01:25:02 - root - INFO - Logging system initialized
2025-12-21 01:25:02 - root - INFO - Log file: C:\Users\djabi\gestion-financière\gestio_app.log
2025-12-21 01:25:02 - root - INFO - Log level: INFO
2025-12-21 01:25:02 - root - INFO - ==================================================
2025-12-21 01:25:02 - shared.database.schema - INFO - Database initialized successfully
2025-12-21 01:25:02 - shared.database.schema - INFO - Schema is already up to date
2025-12-21 01:25:02 - __main__ - INFO - Database initialized successfully
2025-12-21 01:25:02 - shared.ui.styles - INFO - Loaded CSS file: main.css
2025-12-21 01:25:02 - shared.ui.styles - INFO - Loaded CSS file: responsive.css
2025-12-21 01:25:02 - shared.ui.styles - INFO - Loaded CSS file: dark_mode.css
2025-12-21 01:25:30 - root - INFO - ==================================================
2025-12-21 01:25:30 - root - INFO - Logging system initialized
2025-12-21 01:25:30 - root - INFO - Log file: C:\Users\djabi\gestion-financière\gestio_app.log
2025-12-21 01:25:30 - root - INFO - Log level: INFO
2025-12-21 01:25:30 - root - INFO - ==================================================
2025-12-21 01:25:30 - shared.database.schema - INFO - Database initialized successfully
2025-12-21 01:25:30 - shared.database.schema - INFO - Schema is already up to date
2025-12-21 01:25:30 - __main__ - INFO - Database initialized successfully
2025-12-21 01:25:30 - shared.ui.styles - INFO - Loaded CSS file: main.css
2025-12-21 01:25:30 - shared.ui.styles - INFO - Loaded CSS file: responsive.css
2025-12-21 01:25:30 - shared.ui.styles - INFO - Loaded CSS file: dark_mode.css
2025-12-21 01:25:39 - root - INFO - ==================================================
2025-12-21 01:25:39 - root - INFO - Logging system initialized
2025-12-21 01:25:39 - root - INFO - Log file: C:\Users\djabi\gestion-financière\gestio_app.log
2025-12-21 01:25:39 - root - INFO - Log level: INFO
2025-12-21 01:25:39 - root - INFO - ==================================================
2025-12-21 01:25:39 - shared.database.schema - INFO - Database initialized successfully
2025-12-21 01:25:39 - shared.database.schema - INFO - Schema is already up to date
2025-12-21 01:25:39 - __main__ - INFO - Database initialized successfully
2025-12-21 01:25:39 - shared.ui.styles - INFO - Loaded CSS file: main.css
2025-12-21 01:25:39 - shared.ui.styles - INFO - Loaded CSS file: responsive.css
2025-12-21 01:25:39 - shared.ui.styles - INFO - Loaded CSS file: dark_mode.css
2025-12-21 01:25:39 - domains.ocr.scanning_service - INFO - Found 0 ticket files to process
2025-12-21 01:25:42 - root - INFO - ==================================================
2025-12-21 01:25:42 - root - INFO - Logging system initialized
2025-12-21 01:25:42 - root - INFO - Log file: C:\Users\djabi\gestion-financière\gestio_app.log
2025-12-21 01:25:42 - root - INFO - Log level: INFO
2025-12-21 01:25:42 - root - INFO - ==================================================
2025-12-21 01:25:42 - shared.database.schema - INFO - Database initialized successfully
2025-12-21 01:25:42 - shared.database.schema - INFO - Schema is already up to date
2025-12-21 01:25:42 - __main__ - INFO - Database initialized successfully
2025-12-21 01:25:42 - shared.ui.styles - INFO - Loaded CSS file: main.css
2025-12-21 01:25:42 - shared.ui.styles - INFO - Loaded CSS file: responsive.css
2025-12-21 01:25:42 - shared.ui.styles - INFO - Loaded CSS file: dark_mode.css
2025-12-21 01:25:42 - domains.ocr.scanning_service - INFO - Found 0 ticket files to process
2025-12-21 01:28:34 - root - INFO - ==================================================
2025-12-21 01:28:34 - root - INFO - Logging system initialized
2025-12-21 01:28:34 - root - INFO - Log file: C:\Users\djabi\gestion-financière\gestio_app.log
2025-12-21 01:28:34 - root - INFO - Log level: INFO
2025-12-21 01:28:34 - root - INFO - ==================================================
2025-12-21 01:28:34 - shared.database.schema - INFO - Database initialized successfully
2025-12-21 01:28:34 - shared.database.schema - INFO - Schema is already up to date
2025-12-21 01:28:34 - __main__ - INFO - Database initialized successfully
2025-12-21 01:28:34 - shared.ui.styles - INFO - Loaded CSS file: main.css
2025-12-21 01:28:34 - shared.ui.styles - INFO - Loaded CSS file: responsive.css
2025-12-21 01:28:34 - shared.ui.styles - INFO - Loaded CSS file: dark_mode.css
2025-12-21 01:28:34 - domains.ocr.scanning_service - INFO - Found 0 ticket files to process
2025-12-21 01:29:10 - root - INFO - ==================================================
2025-12-21 01:29:10 - root - INFO - Logging system initialized
2025-12-21 01:29:10 - root - INFO - Log file: C:\Users\djabi\gestion-financière\gestio_app.log
2025-12-21 01:29:10 - root - INFO - Log level: INFO
2025-12-21 01:29:10 - root - INFO - ==================================================
2025-12-21 01:29:10 - shared.database.schema - INFO - Database initialized successfully
2025-12-21 01:29:10 - shared.database.schema - INFO - Schema is already up to date
2025-12-21 01:29:10 - __main__ - INFO - Database initialized successfully
2025-12-21 01:29:10 - shared.ui.styles - INFO - Loaded CSS file: main.css
2025-12-21 01:29:10 - shared.ui.styles - INFO - Loaded CSS file: responsive.css
2025-12-21 01:29:10 - shared.ui.styles - INFO - Loaded CSS file: dark_mode.css
2025-12-21 01:29:33 - root - INFO - ==================================================
2025-12-21 01:29:33 - root - INFO - Logging system initialized
2025-12-21 01:29:33 - root - INFO - Log file: C:\Users\djabi\gestion-financière\gestio_app.log
2025-12-21 01:29:33 - root - INFO - Log level: INFO
2025-12-21 01:29:33 - root - INFO - ==================================================
2025-12-21 01:29:33 - shared.database.schema - INFO - Database initialized successfully
2025-12-21 01:29:33 - shared.database.schema - INFO - Schema is already up to date
2025-12-21 01:29:33 - __main__ - INFO - Database initialized successfully
2025-12-21 01:29:33 - shared.ui.styles - INFO - Loaded CSS file: main.css
2025-12-21 01:29:33 - shared.ui.styles - INFO - Loaded CSS file: responsive.css
2025-12-21 01:29:33 - shared.ui.styles - INFO - Loaded CSS file: dark_mode.css
2025-12-21 01:29:36 - root - INFO - ==================================================
2025-12-21 01:29:36 - root - INFO - Logging system initialized
2025-12-21 01:29:36 - root - INFO - Log file: C:\Users\djabi\gestion-financière\gestio_app.log
2025-12-21 01:29:36 - root - INFO - Log level: INFO
2025-12-21 01:29:36 - root - INFO - ==================================================
2025-12-21 01:29:36 - shared.database.schema - INFO - Database initialized successfully
2025-12-21 01:29:36 - shared.database.schema - INFO - Schema is already up to date
2025-12-21 01:29:36 - __main__ - INFO - Database initialized successfully
2025-12-21 01:29:36 - shared.ui.styles - INFO - Loaded CSS file: main.css
2025-12-21 01:29:36 - shared.ui.styles - INFO - Loaded CSS file: responsive.css
2025-12-21 01:29:36 - shared.ui.styles - INFO - Loaded CSS file: dark_mode.css
2025-12-21 01:29:36 - domains.ocr.scanning_service - INFO - Found 0 ticket files to process
2025-12-21 01:29:58 - root - INFO - ==================================================
2025-12-21 01:29:58 - root - INFO - Logging system initialized
2025-12-21 01:29:58 - root - INFO - Log file: C:\Users\djabi\gestion-financière\gestio_app.log
2025-12-21 01:29:58 - root - INFO - Log level: INFO
2025-12-21 01:29:58 - root - INFO - ==================================================
2025-12-21 01:29:58 - shared.database.schema - INFO - Database initialized successfully
2025-12-21 01:29:58 - shared.database.schema - INFO - Schema is already up to date
2025-12-21 01:29:58 - __main__ - INFO - Database initialized successfully
2025-12-21 01:29:58 - shared.ui.styles - INFO - Loaded CSS file: main.css
2025-12-21 01:29:58 - shared.ui.styles - INFO - Loaded CSS file: responsive.css
2025-12-21 01:29:58 - shared.ui.styles - INFO - Loaded CSS file: dark_mode.css
2025-12-21 01:30:20 - root - INFO - ==================================================
2025-12-21 01:30:20 - root - INFO - Logging system initialized
2025-12-21 01:30:20 - root - INFO - Log file: C:\Users\djabi\gestion-financière\gestio_app.log
2025-12-21 01:30:20 - root - INFO - Log level: INFO
2025-12-21 01:30:20 - root - INFO - ==================================================
2025-12-21 01:30:20 - shared.database.schema - INFO - Database initialized successfully
2025-12-21 01:30:20 - shared.database.schema - INFO - Schema is already up to date
2025-12-21 01:30:20 - __main__ - INFO - Database initialized successfully
2025-12-21 01:30:20 - shared.ui.styles - INFO - Loaded CSS file: main.css
2025-12-21 01:30:20 - shared.ui.styles - INFO - Loaded CSS file: responsive.css
2025-12-21 01:30:20 - shared.ui.styles - INFO - Loaded CSS file: dark_mode.css
2025-12-21 01:30:27 - root - INFO - ==================================================
2025-12-21 01:30:27 - root - INFO - Logging system initialized
2025-12-21 01:30:27 - root - INFO - Log file: C:\Users\djabi\gestion-financière\gestio_app.log
2025-12-21 01:30:27 - root - INFO - Log level: INFO
2025-12-21 01:30:27 - root - INFO - ==================================================
2025-12-21 01:30:27 - shared.database.schema - INFO - Database initialized successfully
2025-12-21 01:30:27 - shared.database.schema - INFO - Schema is already up to date
2025-12-21 01:30:27 - __main__ - INFO - Database initialized successfully
2025-12-21 01:30:27 - shared.ui.styles - INFO - Loaded CSS file: main.css
2025-12-21 01:30:27 - shared.ui.styles - INFO - Loaded CSS file: responsive.css
2025-12-21 01:30:27 - shared.ui.styles - INFO - Loaded CSS file: dark_mode.css
2025-12-21 01:30:33 - root - INFO - ==================================================
2025-12-21 01:30:33 - root - INFO - Logging system initialized
2025-12-21 01:30:33 - root - INFO - Log file: C:\Users\djabi\gestion-financière\gestio_app.log
2025-12-21 01:30:33 - root - INFO - Log level: INFO
2025-12-21 01:30:33 - root - INFO - ==================================================
2025-12-21 01:30:33 - shared.database.schema - INFO - Database initialized successfully
2025-12-21 01:30:33 - shared.database.schema - INFO - Schema is already up to date
2025-12-21 01:30:33 - __main__ - INFO - Database initialized successfully
2025-12-21 01:30:33 - shared.ui.styles - INFO - Loaded CSS file: main.css
2025-12-21 01:30:33 - shared.ui.styles - INFO - Loaded CSS file: responsive.css
2025-12-21 01:30:33 - shared.ui.styles - INFO - Loaded CSS file: dark_mode.css
2025-12-21 01:30:34 - root - INFO - ==================================================
2025-12-21 01:30:34 - root - INFO - Logging system initialized
2025-12-21 01:30:34 - root - INFO - Log file: C:\Users\djabi\gestion-financière\gestio_app.log
2025-12-21 01:30:34 - root - INFO - Log level: INFO
2025-12-21 01:30:34 - root - INFO - ==================================================
2025-12-21 01:30:34 - shared.database.schema - INFO - Database initialized successfully
2025-12-21 01:30:34 - shared.database.schema - INFO - Schema is already up to date
2025-12-21 01:30:34 - __main__ - INFO - Database initialized successfully
2025-12-21 01:30:34 - shared.ui.styles - INFO - Loaded CSS file: main.css
2025-12-21 01:30:34 - shared.ui.styles - INFO - Loaded CSS file: responsive.css
2025-12-21 01:30:34 - shared.ui.styles - INFO - Loaded CSS file: dark_mode.css
2025-12-21 01:30:50 - root - INFO - ==================================================
2025-12-21 01:30:50 - root - INFO - Logging system initialized
2025-12-21 01:30:50 - root - INFO - Log file: C:\Users\djabi\gestion-financière\gestio_app.log
2025-12-21 01:30:50 - root - INFO - Log level: INFO
2025-12-21 01:30:50 - root - INFO - ==================================================
2025-12-21 01:30:50 - shared.database.schema - INFO - Database initialized successfully
2025-12-21 01:30:50 - shared.database.schema - INFO - Schema is already up to date
2025-12-21 01:30:50 - __main__ - INFO - Database initialized successfully
2025-12-21 01:30:50 - shared.ui.styles - INFO - Loaded CSS file: main.css
2025-12-21 01:30:50 - shared.ui.styles - INFO - Loaded CSS file: responsive.css
2025-12-21 01:30:50 - shared.ui.styles - INFO - Loaded CSS file: dark_mode.css
2025-12-21 01:33:38 - root - INFO - ==================================================
2025-12-21 01:33:38 - root - INFO - Logging system initialized
2025-12-21 01:33:38 - root - INFO - Log file: C:\Users\djabi\gestion-financière\gestio_app.log
2025-12-21 01:33:38 - root - INFO - Log level: INFO
2025-12-21 01:33:38 - root - INFO - ==================================================
2025-12-21 01:33:38 - shared.database.schema - INFO - Database initialized successfully
2025-12-21 01:33:38 - shared.database.schema - INFO - Schema is already up to date
2025-12-21 01:33:38 - __main__ - INFO - Database initialized successfully
2025-12-21 01:33:38 - shared.ui.styles - INFO - Loaded CSS file: main.css
2025-12-21 01:33:38 - shared.ui.styles - INFO - Loaded CSS file: responsive.css
2025-12-21 01:33:38 - shared.ui.styles - INFO - Loaded CSS file: dark_mode.css
2025-12-21 01:33:44 - root - INFO - ==================================================
2025-12-21 01:33:44 - root - INFO - Logging system initialized
2025-12-21 01:33:44 - root - INFO - Log file: C:\Users\djabi\gestion-financière\gestio_app.log
2025-12-21 01:33:44 - root - INFO - Log level: INFO
2025-12-21 01:33:44 - root - INFO - ==================================================
2025-12-21 01:33:44 - shared.database.schema - INFO - Database initialized successfully
2025-12-21 01:33:44 - shared.database.schema - INFO - Schema is already up to date
2025-12-21 01:33:44 - __main__ - INFO - Database initialized successfully
2025-12-21 01:33:44 - shared.ui.styles - INFO - Loaded CSS file: main.css
2025-12-21 01:33:44 - shared.ui.styles - INFO - Loaded CSS file: responsive.css
2025-12-21 01:33:44 - shared.ui.styles - INFO - Loaded CSS file: dark_mode.css
2025-12-21 01:38:31 - root - INFO - ==================================================
2025-12-21 01:38:31 - root - INFO - Logging system initialized
2025-12-21 01:38:31 - root - INFO - Log file: C:\Users\djabi\gestion-financière\gestio_app.log
2025-12-21 01:38:31 - root - INFO - Log level: INFO
2025-12-21 01:38:31 - root - INFO - ==================================================
2025-12-21 01:38:31 - shared.database.schema - INFO - Database initialized successfully
2025-12-21 01:38:31 - shared.database.schema - INFO - Schema is already up to date
2025-12-21 01:38:31 - root - INFO - ==================================================
2025-12-21 01:38:31 - root - INFO - Logging system initialized
2025-12-21 01:38:31 - root - INFO - Log file: C:\Users\djabi\gestion-financière\gestio_app.log
2025-12-21 01:38:31 - root - INFO - Log level: INFO
2025-12-21 01:38:31 - root - INFO - ==================================================
2025-12-21 01:38:31 - root - INFO - ==================================================
2025-12-21 01:38:31 - root - INFO - Logging system initialized
2025-12-21 01:38:31 - root - INFO - Log file: C:\Users\djabi\gestion-financière\gestio_app.log
2025-12-21 01:38:31 - root - INFO - Log level: INFO
2025-12-21 01:38:31 - __main__ - INFO - Database initialized successfully
2025-12-21 01:38:31 - root - INFO - ==================================================
2025-12-21 01:38:31 - shared.ui.styles - INFO - Loaded CSS file: main.css
2025-12-21 01:38:31 - shared.database.schema - INFO - Database initialized successfully
2025-12-21 01:38:31 - root - INFO - ==================================================
2025-12-21 01:38:31 - root - INFO - Logging system initialized
2025-12-21 01:38:31 - root - INFO - Log file: C:\Users\djabi\gestion-financière\gestio_app.log
2025-12-21 01:38:31 - root - INFO - Log level: INFO
2025-12-21 01:38:31 - root - INFO - ==================================================
2025-12-21 01:38:31 - root - INFO - ==================================================
2025-12-21 01:38:31 - root - INFO - Logging system initialized
2025-12-21 01:38:31 - root - INFO - Log file: C:\Users\djabi\gestion-financière\gestio_app.log
2025-12-21 01:38:31 - root - INFO - Log level: INFO
2025-12-21 01:38:31 - root - INFO - ==================================================
2025-12-21 01:38:31 - __main__ - INFO - Database initialized successfully
2025-12-21 01:38:31 - shared.ui.styles - INFO - Loaded CSS file: main.css
2025-12-21 01:38:31 - shared.database.schema - INFO - Database initialized successfully
2025-12-21 01:38:31 - root - INFO - ==================================================
2025-12-21 01:38:31 - root - INFO - Logging system initialized
2025-12-21 01:38:31 - root - INFO - Log file: C:\Users\djabi\gestion-financière\gestio_app.log
2025-12-21 01:38:31 - root - INFO - Log level: INFO
2025-12-21 01:38:31 - root - INFO - ==================================================
2025-12-21 01:38:31 - shared.database.schema - INFO - Schema is already up to date
2025-12-21 01:38:31 - __main__ - INFO - Database initialized successfully
2025-12-21 01:38:31 - root - INFO - ==================================================
2025-12-21 01:38:31 - root - INFO - Logging system initialized
2025-12-21 01:38:31 - root - INFO - Log file: C:\Users\djabi\gestion-financière\gestio_app.log
2025-12-21 01:38:31 - root - INFO - Log level: INFO
2025-12-21 01:38:31 - root - INFO - ==================================================
2025-12-21 01:38:31 - shared.database.schema - INFO - Schema is already up to date
2025-12-21 01:38:31 - __main__ - INFO - Database initialized successfully
2025-12-21 01:38:31 - root - INFO - ==================================================
2025-12-21 01:38:31 - root - INFO - Logging system initialized
2025-12-21 01:38:31 - root - INFO - Log file: C:\Users\djabi\gestion-financière\gestio_app.log
2025-12-21 01:38:31 - root - INFO - Log level: INFO
2025-12-21 01:38:31 - root - INFO - ==================================================
2025-12-21 01:38:31 - shared.database.schema - INFO - Schema is already up to date
2025-12-21 01:38:32 - root - INFO - ==================================================
2025-12-21 01:38:32 - root - INFO - Logging system initialized
2025-12-21 01:38:32 - root - INFO - Log file: C:\Users\djabi\gestion-financière\gestio_app.log
2025-12-21 01:38:32 - root - INFO - Log level: INFO
2025-12-21 01:38:32 - shared.database.schema - INFO - Database initialized successfully
2025-12-21 01:38:32 - root - INFO - ==================================================
2025-12-21 01:38:32 - root - INFO - ==================================================
2025-12-21 01:38:32 - root - INFO - Logging system initialized
2025-12-21 01:38:32 - root - INFO - Log file: C:\Users\djabi\gestion-financière\gestio_app.log
2025-12-21 01:38:32 - root - INFO - Log level: INFO
2025-12-21 01:38:32 - root - INFO - ==================================================
2025-12-21 01:38:32 - shared.database.schema - INFO - Schema is already up to date
2025-12-21 01:38:32 - __main__ - INFO - Database initialized successfully
2025-12-21 01:38:32 - shared.ui.styles - INFO - Loaded CSS file: main.css
2025-12-21 01:38:32 - shared.database.schema - INFO - Database initialized successfully
2025-12-21 01:38:32 - shared.database.schema - INFO - Schema is already up to date
2025-12-21 01:38:32 - root - INFO - ==================================================
2025-12-21 01:38:32 - root - INFO - Logging system initialized
2025-12-21 01:38:32 - root - INFO - Log file: C:\Users\djabi\gestion-financière\gestio_app.log
2025-12-21 01:38:32 - root - INFO - Log level: INFO
2025-12-21 01:38:32 - root - INFO - ==================================================
2025-12-21 01:38:32 - __main__ - INFO - Database initialized successfully
2025-12-21 01:38:32 - shared.ui.styles - INFO - Loaded CSS file: main.css
2025-12-21 01:38:32 - shared.database.schema - INFO - Database initialized successfully
2025-12-21 01:38:32 - shared.database.schema - INFO - Schema is already up to date
2025-12-21 01:38:32 - __main__ - INFO - Database initialized successfully
2025-12-21 01:38:32 - shared.ui.styles - INFO - Loaded CSS file: main.css
2025-12-21 01:38:32 - shared.ui.styles - INFO - Loaded CSS file: responsive.css
2025-12-21 01:38:32 - shared.ui.styles - INFO - Loaded CSS file: dark_mode.css
2025-12-21 12:40:46 - root - INFO - ==================================================
2025-12-21 12:40:46 - root - INFO - Logging system initialized
2025-12-21 12:40:46 - root - INFO - Log file: C:\Users\djabi\gestion-financière\gestio_app.log
2025-12-21 12:40:46 - root - INFO - Log level: INFO
2025-12-21 12:40:46 - root - INFO - ==================================================
2025-12-21 12:40:46 - shared.database.schema - INFO - Database initialized successfully
2025-12-21 12:40:46 - shared.database.schema - INFO - Schema is already up to date
2025-12-21 12:40:46 - __main__ - INFO - Database initialized successfully
2025-12-21 12:40:46 - shared.ui.styles - INFO - Loaded CSS file: main.css
2025-12-21 12:40:46 - shared.ui.styles - INFO - Loaded CSS file: responsive.css
2025-12-21 12:40:46 - shared.ui.styles - INFO - Loaded CSS file: dark_mode.css
2025-12-21 12:50:29 - root - INFO - ==================================================
2025-12-21 12:50:29 - root - INFO - Logging system initialized
2025-12-21 12:50:29 - root - INFO - Log file: C:\Users\djabi\gestion-financière\gestio_app.log
2025-12-21 12:50:29 - root - INFO - Log level: INFO
2025-12-21 12:50:29 - root - INFO - ==================================================
2025-12-21 12:50:29 - shared.database.schema - INFO - Database initialized successfully
2025-12-21 12:50:29 - shared.database.schema - INFO - Schema is already up to date
2025-12-21 12:50:29 - __main__ - INFO - Database initialized successfully
2025-12-21 12:50:29 - shared.ui.styles - INFO - Loaded CSS file: main.css
2025-12-21 12:50:29 - shared.ui.styles - INFO - Loaded CSS file: responsive.css
2025-12-21 12:50:29 - shared.ui.styles - INFO - Loaded CSS file: dark_mode.css
2025-12-21 12:50:44 - root - INFO - ==================================================
2025-12-21 12:50:44 - root - INFO - Logging system initialized
2025-12-21 12:50:44 - root - INFO - Log file: C:\Users\djabi\gestion-financière\gestio_app.log
2025-12-21 12:50:44 - root - INFO - Log level: INFO
2025-12-21 12:50:44 - root - INFO - ==================================================
2025-12-21 12:50:44 - shared.database.schema - INFO - Database initialized successfully
2025-12-21 12:50:44 - shared.database.schema - INFO - Schema is already up to date
2025-12-21 12:50:44 - __main__ - INFO - Database initialized successfully
2025-12-21 12:50:44 - shared.ui.styles - INFO - Loaded CSS file: main.css
2025-12-21 12:50:44 - shared.ui.styles - INFO - Loaded CSS file: responsive.css
2025-12-21 12:50:44 - shared.ui.styles - INFO - Loaded CSS file: dark_mode.css
2025-12-21 12:50:44 - domains.ocr.scanning_service - INFO - Found 0 ticket files to process
2025-12-21 12:50:49 - root - INFO - ==================================================
2025-12-21 12:50:49 - root - INFO - Logging system initialized
2025-12-21 12:50:49 - root - INFO - Log file: C:\Users\djabi\gestion-financière\gestio_app.log
2025-12-21 12:50:49 - root - INFO - Log level: INFO
2025-12-21 12:50:49 - root - INFO - ==================================================
2025-12-21 12:50:49 - shared.database.schema - INFO - Database initialized successfully
2025-12-21 12:50:49 - shared.database.schema - INFO - Schema is already up to date
2025-12-21 12:50:49 - __main__ - INFO - Database initialized successfully
2025-12-21 12:50:49 - shared.ui.styles - INFO - Loaded CSS file: main.css
2025-12-21 12:50:49 - shared.ui.styles - INFO - Loaded CSS file: responsive.css
2025-12-21 12:50:49 - shared.ui.styles - INFO - Loaded CSS file: dark_mode.css
2025-12-21 12:50:58 - root - INFO - ==================================================
2025-12-21 12:50:58 - root - INFO - Logging system initialized
2025-12-21 12:50:58 - root - INFO - Log file: C:\Users\djabi\gestion-financière\gestio_app.log
2025-12-21 12:50:58 - root - INFO - Log level: INFO
2025-12-21 12:50:58 - root - INFO - ==================================================
2025-12-21 12:50:58 - shared.database.schema - INFO - Database initialized successfully
2025-12-21 12:50:58 - shared.database.schema - INFO - Schema is already up to date
2025-12-21 12:50:58 - __main__ - INFO - Database initialized successfully
2025-12-21 12:50:58 - shared.ui.styles - INFO - Loaded CSS file: main.css
2025-12-21 12:50:58 - shared.ui.styles - INFO - Loaded CSS file: responsive.css
2025-12-21 12:50:58 - shared.ui.styles - INFO - Loaded CSS file: dark_mode.css
2025-12-21 12:50:58 - domains.ocr.scanning_service - INFO - Found 0 ticket files to process
2025-12-21 12:50:59 - root - INFO - ==================================================
2025-12-21 12:50:59 - root - INFO - Logging system initialized
2025-12-21 12:50:59 - root - INFO - Log file: C:\Users\djabi\gestion-financière\gestio_app.log
2025-12-21 12:50:59 - root - INFO - Log level: INFO
2025-12-21 12:50:59 - root - INFO - ==================================================
2025-12-21 12:50:59 - shared.database.schema - INFO - Database initialized successfully
2025-12-21 12:50:59 - shared.database.schema - INFO - Schema is already up to date
2025-12-21 12:50:59 - __main__ - INFO - Database initialized successfully
2025-12-21 12:50:59 - shared.ui.styles - INFO - Loaded CSS file: main.css
2025-12-21 12:50:59 - shared.ui.styles - INFO - Loaded CSS file: responsive.css
2025-12-21 12:50:59 - shared.ui.styles - INFO - Loaded CSS file: dark_mode.css
2025-12-21 12:50:59 - shared.services.recurrence_generation - INFO - Backfill completed: 0 transactions created
2025-12-21 12:50:59 - shared.services.recurrence - INFO - Recurrence backfill completed: 0 transactions created
2025-12-21 12:51:00 - root - INFO - ==================================================
2025-12-21 12:51:00 - root - INFO - Logging system initialized
2025-12-21 12:51:00 - root - INFO - Log file: C:\Users\djabi\gestion-financière\gestio_app.log
2025-12-21 12:51:00 - root - INFO - Log level: INFO
2025-12-21 12:51:00 - root - INFO - ==================================================
2025-12-21 12:51:00 - shared.database.schema - INFO - Database initialized successfully
2025-12-21 12:51:00 - shared.database.schema - INFO - Schema is already up to date
2025-12-21 12:51:00 - __main__ - INFO - Database initialized successfully
2025-12-21 12:51:00 - shared.ui.styles - INFO - Loaded CSS file: main.css
2025-12-21 12:51:00 - shared.ui.styles - INFO - Loaded CSS file: responsive.css
2025-12-21 12:51:00 - shared.ui.styles - INFO - Loaded CSS file: dark_mode.css
2025-12-21 12:51:00 - shared.services.recurrence_generation - INFO - Backfill completed: 0 transactions created
2025-12-21 12:51:00 - shared.services.recurrence - INFO - Recurrence backfill completed: 0 transactions created
2025-12-21 12:51:00 - shared.services.recurrence_generation - INFO - Cleanup: 0 récurrentes supprimées, 0 prévues expirées
2025-12-21 12:51:00 - shared.services.recurrence_generation - INFO - Sync recurrences to echeances: 0 created
2025-12-21 12:51:00 - shared.services.recurrence_generation - INFO - Echeances refresh completed
2025-12-21 12:51:02 - root - INFO - ==================================================
2025-12-21 12:51:02 - root - INFO - Logging system initialized
2025-12-21 12:51:02 - root - INFO - Log file: C:\Users\djabi\gestion-financière\gestio_app.log
2025-12-21 12:51:02 - root - INFO - Log level: INFO
2025-12-21 12:51:02 - root - INFO - ==================================================
2025-12-21 12:51:02 - shared.database.schema - INFO - Database initialized successfully
2025-12-21 12:51:02 - shared.database.schema - INFO - Schema is already up to date
2025-12-21 12:51:02 - __main__ - INFO - Database initialized successfully
2025-12-21 12:51:02 - shared.ui.styles - INFO - Loaded CSS file: main.css
2025-12-21 12:51:02 - shared.ui.styles - INFO - Loaded CSS file: responsive.css
2025-12-21 12:51:02 - shared.ui.styles - INFO - Loaded CSS file: dark_mode.css
2025-12-21 12:51:02 - shared.services.recurrence_generation - INFO - Backfill completed: 0 transactions created
2025-12-21 12:51:02 - shared.services.recurrence - INFO - Recurrence backfill completed: 0 transactions created
2025-12-21 12:51:29 - root - INFO - ==================================================
2025-12-21 12:51:29 - root - INFO - Logging system initialized
2025-12-21 12:51:29 - root - INFO - Log file: C:\Users\djabi\gestion-financière\gestio_app.log
2025-12-21 12:51:29 - root - INFO - Log level: INFO
2025-12-21 12:51:29 - root - INFO - ==================================================
2025-12-21 12:51:29 - shared.database.schema - INFO - Database initialized successfully
2025-12-21 12:51:29 - shared.database.schema - INFO - Schema is already up to date
2025-12-21 12:51:29 - __main__ - INFO - Database initialized successfully
2025-12-21 12:51:29 - shared.ui.styles - INFO - Loaded CSS file: main.css
2025-12-21 12:51:29 - shared.ui.styles - INFO - Loaded CSS file: responsive.css
2025-12-21 12:51:29 - shared.ui.styles - INFO - Loaded CSS file: dark_mode.css
2025-12-21 12:51:29 - shared.services.recurrence_generation - INFO - Backfill completed: 0 transactions created
2025-12-21 12:51:29 - shared.services.recurrence - INFO - Recurrence backfill completed: 0 transactions created
2025-12-21 12:51:29 - shared.services.recurrence_generation - INFO - Cleanup: 0 récurrentes supprimées, 0 prévues expirées
2025-12-21 12:51:29 - shared.services.recurrence_generation - INFO - Sync recurrences to echeances: 0 created
2025-12-21 12:51:29 - shared.services.recurrence_generation - INFO - Echeances refresh completed
