2025-11-12 18:41:30,922 - INFO - Colonne 'frequency' ajoutée avec succès.
2025-11-12 18:41:30,927 - INFO - Colonne 'end_date' ajoutée avec succès.
2025-11-12 18:41:30,931 - INFO - Colonne 'beneficiaire' ajoutée avec succès.
2025-11-12 18:41:30,935 - INFO - Colonne 'document_id' ajoutée avec succès.
2025-11-12 18:41:30,938 - INFO - Colonne 'status' ajoutée avec succès.
2025-11-12 18:41:45,178 - ERROR - Erreur dans main: Progress Value has invalid value [0.0, 1.0]: -0.5474600000000001
Traceback (most recent call last):
  File "C:\Users\djabi\gestion-financière\gestiov4.py", line 1982, in main
    interface_gerer_transactions()
    ~~~~~~~~~~~~~~~~~~~~~~~~~~~~^^
  File "C:\Users\djabi\gestion-financière\gestiov4.py", line 837, in interface_gerer_transactions
    interface_suivi_objectifs()
    ~~~~~~~~~~~~~~~~~~~~~~~~~^^
  File "C:\Users\djabi\gestion-financière\gestiov4.py", line 1220, in interface_suivi_objectifs
    st.progress(progress / 100, text=f"{progress:.1f}% de l'objectif")
    ~~~~~~~~~~~^^^^^^^^^^^^^^^^^^^^^^^^^^^^^^^^^^^^^^^^^^^^^^^^^^^^^^^
  File "C:\Users\djabi\AppData\Local\Programs\Python\Python313\Lib\site-packages\streamlit\elements\progress.py", line 159, in progress
    progress_proto.value = _get_value(value)
                           ~~~~~~~~~~^^^^^^^
  File "C:\Users\djabi\AppData\Local\Programs\Python\Python313\Lib\site-packages\streamlit\elements\progress.py", line 72, in _get_value
    raise StreamlitAPIException(
        f"Progress Value has invalid value [0.0, 1.0]: {value}"
    )
streamlit.errors.StreamlitAPIException: Progress Value has invalid value [0.0, 1.0]: -0.5474600000000001
2025-11-12 18:42:40,391 - ERROR - Erreur dans main: 'datetime.datetime' object has no attribute 'to_period'
Traceback (most recent call last):
  File "C:\Users\djabi\gestion-financière\gestiov4.py", line 1986, in main
    interface_solde_previsionnel()
    ~~~~~~~~~~~~~~~~~~~~~~~~~~~~^^
  File "C:\Users\djabi\gestion-financière\gestiov4.py", line 1627, in interface_solde_previsionnel
    df_rec['date'].dt.to_period('M') == date_future.to_period('M')
                                        ^^^^^^^^^^^^^^^^^^^^^
AttributeError: 'datetime.datetime' object has no attribute 'to_period'
2025-11-12 18:42:54,216 - ERROR - Erreur dans main: 'datetime.datetime' object has no attribute 'to_period'
Traceback (most recent call last):
  File "C:\Users\djabi\gestion-financière\gestiov4.py", line 1986, in main
    interface_solde_previsionnel()
    ~~~~~~~~~~~~~~~~~~~~~~~~~~~~^^
  File "C:\Users\djabi\gestion-financière\gestiov4.py", line 1627, in interface_solde_previsionnel
    df_rec['date'].dt.to_period('M') == date_future.to_period('M')
                                        ^^^^^^^^^^^^^^^^^^^^^
AttributeError: 'datetime.datetime' object has no attribute 'to_period'
